-------------------------------------------------
-| object [<class 'object'>] 
-|-------| weakref [<class 'weakref'>, <class 'object'>] 
-|-------| weakcallableproxy [<class 'weakcallableproxy'>, <class 'object'>] 
-|-------| weakproxy [<class 'weakproxy'>, <class 'object'>] 
-|-------| int [<class 'int'>, <class 'object'>] 
-|-------|-------| bool [<class 'bool'>, <class 'int'>, <class 'object'>] 
-|-------| bytearray [<class 'bytearray'>, <class 'object'>] 
-|-------| bytes [<class 'bytes'>, <class 'object'>] 
-|-------| list [<class 'list'>, <class 'object'>] 
-|-------| NoneType [<class 'NoneType'>, <class 'object'>] 
-|-------| NotImplementedType [<class 'NotImplementedType'>, <class 'object'>] 
-|-------| traceback [<class 'traceback'>, <class 'object'>] 
-|-------| super [<class 'super'>, <class 'object'>] 
-|-------| range [<class 'range'>, <class 'object'>] 
-|-------| dict [<class 'dict'>, <class 'object'>] 
-|-------|-------| OrderedDict [<class 'collections.OrderedDict'>, <class 'dict'>, <class 'object'>] 
-|-------| dict_keys [<class 'dict_keys'>, <class 'object'>] 
-|-------|-------| odict_keys [<class 'odict_keys'>, <class 'dict_keys'>, <class 'object'>] 
-|-------| dict_values [<class 'dict_values'>, <class 'object'>] 
-|-------|-------| odict_values [<class 'odict_values'>, <class 'dict_values'>, <class 'object'>] 
-|-------| dict_items [<class 'dict_items'>, <class 'object'>] 
-|-------|-------| odict_items [<class 'odict_items'>, <class 'dict_items'>, <class 'object'>] 
-|-------| dict_reversekeyiterator [<class 'dict_reversekeyiterator'>, <class 'object'>] 
-|-------| dict_reversevalueiterator [<class 'dict_reversevalueiterator'>, <class 'object'>] 
-|-------| dict_reverseitemiterator [<class 'dict_reverseitemiterator'>, <class 'object'>] 
-|-------| odict_iterator [<class 'odict_iterator'>, <class 'object'>] 
-|-------| set [<class 'set'>, <class 'object'>] 
-|-------| str [<class 'str'>, <class 'object'>] 
-|-------| slice [<class 'slice'>, <class 'object'>] 
-|-------| staticmethod [<class 'staticmethod'>, <class 'object'>] 
-|-------|-------| abstractstaticmethod [<class 'abc.abstractstaticmethod'>, <class 'staticmethod'>, <class 'object'>] 
-|-------| complex [<class 'complex'>, <class 'object'>] 
-|-------| float [<class 'float'>, <class 'object'>] 
-|-------| frozenset [<class 'frozenset'>, <class 'object'>] 
-|-------| property [<class 'property'>, <class 'object'>] 
-|-------|-------| abstractproperty [<class 'abc.abstractproperty'>, <class 'property'>, <class 'object'>] 
-|-------| managedbuffer [<class 'managedbuffer'>, <class 'object'>] 
-|-------| memoryview [<class 'memoryview'>, <class 'object'>] 
-|-------| tuple [<class 'tuple'>, <class 'object'>] 
-|-------|-------| int_info [<class 'sys.int_info'>, <class 'tuple'>, <class 'object'>] 
-|-------|-------| float_info [<class 'sys.float_info'>, <class 'tuple'>, <class 'object'>] 
-|-------|-------| UnraisableHookArgs [<class 'UnraisableHookArgs'>, <class 'tuple'>, <class 'object'>] 
-|-------|-------| hash_info [<class 'sys.hash_info'>, <class 'tuple'>, <class 'object'>] 
-|-------|-------| version_info [<class 'sys.version_info'>, <class 'tuple'>, <class 'object'>] 
-|-------|-------| flags [<class 'sys.flags'>, <class 'tuple'>, <class 'object'>] 
-|-------|-------| thread_info [<class 'sys.thread_info'>, <class 'tuple'>, <class 'object'>] 
-|-------|-------| asyncgen_hooks [<class 'asyncgen_hooks'>, <class 'tuple'>, <class 'object'>] 
-|-------|-------| ExceptHookArgs [<class '_thread.ExceptHookArgs'>, <class 'tuple'>, <class 'object'>] 
-|-------|-------| waitid_result [<class 'posix.waitid_result'>, <class 'tuple'>, <class 'object'>] 
-|-------|-------| stat_result [<class 'os.stat_result'>, <class 'tuple'>, <class 'object'>] 
-|-------|-------| statvfs_result [<class 'os.statvfs_result'>, <class 'tuple'>, <class 'object'>] 
-|-------|-------| sched_param [<class 'posix.sched_param'>, <class 'tuple'>, <class 'object'>] 
-|-------|-------| terminal_size [<class 'os.terminal_size'>, <class 'tuple'>, <class 'object'>] 
-|-------|-------| times_result [<class 'posix.times_result'>, <class 'tuple'>, <class 'object'>] 
-|-------|-------| uname_result [<class 'posix.uname_result'>, <class 'tuple'>, <class 'object'>] 
-|-------|-------| struct_time [<class 'time.struct_time'>, <class 'tuple'>, <class 'object'>] 
-|-------|-------| CodecInfo [<class 'codecs.CodecInfo'>, <class 'tuple'>, <class 'object'>] 
-|-------|-------| struct_siginfo [<class 'signal.struct_siginfo'>, <class 'tuple'>, <class 'object'>] 
-|-------| enumerate [<class 'enumerate'>, <class 'object'>] 
-|-------| reversed [<class 'reversed'>, <class 'object'>] 
-|-------| stderrprinter [<class 'stderrprinter'>, <class 'object'>] 
-|-------| code [<class 'code'>, <class 'object'>] 
-|-------| frame [<class 'frame'>, <class 'object'>] 
-|-------| builtin_function_or_method [<class 'builtin_function_or_method'>, <class 'object'>] 
-|-------|-------| builtin_method [<class 'builtin_method'>, <class 'builtin_function_or_method'>, <class 'object'>] 
-|-------| method [<class 'method'>, <class 'object'>] 
-|-------| function [<class 'function'>, <class 'object'>] 
-|-------| mappingproxy [<class 'mappingproxy'>, <class 'object'>] 
-|-------| generator [<class 'generator'>, <class 'object'>] 
-|-------| getset_descriptor [<class 'getset_descriptor'>, <class 'object'>] 
-|-------| wrapper_descriptor [<class 'wrapper_descriptor'>, <class 'object'>] 
-|-------| method-wrapper [<class 'method-wrapper'>, <class 'object'>] 
-|-------| ellipsis [<class 'ellipsis'>, <class 'object'>] 
-|-------| member_descriptor [<class 'member_descriptor'>, <class 'object'>] 
-|-------| SimpleNamespace [<class 'types.SimpleNamespace'>, <class 'object'>] 
-|-------| PyCapsule [<class 'PyCapsule'>, <class 'object'>] 
-|-------| longrange_iterator [<class 'longrange_iterator'>, <class 'object'>] 
-|-------| cell [<class 'cell'>, <class 'object'>] 
-|-------| instancemethod [<class 'instancemethod'>, <class 'object'>] 
-|-------| classmethod_descriptor [<class 'classmethod_descriptor'>, <class 'object'>] 
-|-------| method_descriptor [<class 'method_descriptor'>, <class 'object'>] 
-|-------| callable_iterator [<class 'callable_iterator'>, <class 'object'>] 
-|-------| iterator [<class 'iterator'>, <class 'object'>] 
-|-------| PickleBuffer [<class 'pickle.PickleBuffer'>, <class 'object'>] 
-|-------| coroutine [<class 'coroutine'>, <class 'object'>] 
-|-------| coroutine_wrapper [<class 'coroutine_wrapper'>, <class 'object'>] 
-|-------| InterpreterID [<class 'InterpreterID'>, <class 'object'>] 
-|-------| EncodingMap [<class 'EncodingMap'>, <class 'object'>] 
-|-------| fieldnameiterator [<class 'fieldnameiterator'>, <class 'object'>] 
-|-------| formatteriterator [<class 'formatteriterator'>, <class 'object'>] 
-|-------| BaseException [<class 'BaseException'>, <class 'object'>] 
-|-------|-------| Exception [<class 'Exception'>, <class 'BaseException'>, <class 'object'>] 
-|-------|-------|-------| TypeError [<class 'TypeError'>, <class 'Exception'>, <class 'BaseException'>, <class 'object'>] 
-|-------|-------|-------| StopAsyncIteration [<class 'StopAsyncIteration'>, <class 'Exception'>, <class 'BaseException'>, <class 'object'>] 
-|-------|-------|-------| StopIteration [<class 'StopIteration'>, <class 'Exception'>, <class 'BaseException'>, <class 'object'>] 
-|-------|-------|-------| ImportError [<class 'ImportError'>, <class 'Exception'>, <class 'BaseException'>, <class 'object'>] 
-|-------|-------|-------|-------| ModuleNotFoundError [<class 'ModuleNotFoundError'>, <class 'ImportError'>, <class 'Exception'>, <class 'BaseException'>, <class 'object'>] 
-|-------|-------|-------|-------| ZipImportError [<class 'zipimport.ZipImportError'>, <class 'ImportError'>, <class 'Exception'>, <class 'BaseException'>, <class 'object'>] 
-|-------|-------|-------| OSError [<class 'OSError'>, <class 'Exception'>, <class 'BaseException'>, <class 'object'>] 
-|-------|-------|-------|-------| ConnectionError [<class 'ConnectionError'>, <class 'OSError'>, <class 'Exception'>, <class 'BaseException'>, <class 'object'>] 
-|-------|-------|-------|-------|-------| BrokenPipeError [<class 'BrokenPipeError'>, <class 'ConnectionError'>, <class 'OSError'>, <class 'Exception'>, <class 'BaseException'>, <class 'object'>] 
-|-------|-------|-------|-------|-------| ConnectionAbortedError [<class 'ConnectionAbortedError'>, <class 'ConnectionError'>, <class 'OSError'>, <class 'Exception'>, <class 'BaseException'>, <class 'object'>] 
-|-------|-------|-------|-------|-------| ConnectionRefusedError [<class 'ConnectionRefusedError'>, <class 'ConnectionError'>, <class 'OSError'>, <class 'Exception'>, <class 'BaseException'>, <class 'object'>] 
-|-------|-------|-------|-------|-------| ConnectionResetError [<class 'ConnectionResetError'>, <class 'ConnectionError'>, <class 'OSError'>, <class 'Exception'>, <class 'BaseException'>, <class 'object'>] 
-|-------|-------|-------|-------| BlockingIOError [<class 'BlockingIOError'>, <class 'OSError'>, <class 'Exception'>, <class 'BaseException'>, <class 'object'>] 
-|-------|-------|-------|-------| ChildProcessError [<class 'ChildProcessError'>, <class 'OSError'>, <class 'Exception'>, <class 'BaseException'>, <class 'object'>] 
-|-------|-------|-------|-------| FileExistsError [<class 'FileExistsError'>, <class 'OSError'>, <class 'Exception'>, <class 'BaseException'>, <class 'object'>] 
-|-------|-------|-------|-------| FileNotFoundError [<class 'FileNotFoundError'>, <class 'OSError'>, <class 'Exception'>, <class 'BaseException'>, <class 'object'>] 
-|-------|-------|-------|-------| IsADirectoryError [<class 'IsADirectoryError'>, <class 'OSError'>, <class 'Exception'>, <class 'BaseException'>, <class 'object'>] 
-|-------|-------|-------|-------| NotADirectoryError [<class 'NotADirectoryError'>, <class 'OSError'>, <class 'Exception'>, <class 'BaseException'>, <class 'object'>] 
-|-------|-------|-------|-------| InterruptedError [<class 'InterruptedError'>, <class 'OSError'>, <class 'Exception'>, <class 'BaseException'>, <class 'object'>] 
-|-------|-------|-------|-------| PermissionError [<class 'PermissionError'>, <class 'OSError'>, <class 'Exception'>, <class 'BaseException'>, <class 'object'>] 
-|-------|-------|-------|-------| ProcessLookupError [<class 'ProcessLookupError'>, <class 'OSError'>, <class 'Exception'>, <class 'BaseException'>, <class 'object'>] 
-|-------|-------|-------|-------| TimeoutError [<class 'TimeoutError'>, <class 'OSError'>, <class 'Exception'>, <class 'BaseException'>, <class 'object'>] 
-|-------|-------|-------|-------| UnsupportedOperation [<class 'io.UnsupportedOperation'>, <class 'OSError'>, <class 'ValueError'>, <class 'Exception'>, <class 'BaseException'>, <class 'object'>] 
-|-------|-------|-------|-------| ItimerError [<class 'signal.ItimerError'>, <class 'OSError'>, <class 'Exception'>, <class 'BaseException'>, <class 'object'>] 
-|-------|-------|-------| EOFError [<class 'EOFError'>, <class 'Exception'>, <class 'BaseException'>, <class 'object'>] 
-|-------|-------|-------| RuntimeError [<class 'RuntimeError'>, <class 'Exception'>, <class 'BaseException'>, <class 'object'>] 
-|-------|-------|-------|-------| RecursionError [<class 'RecursionError'>, <class 'RuntimeError'>, <class 'Exception'>, <class 'BaseException'>, <class 'object'>] 
-|-------|-------|-------|-------| NotImplementedError [<class 'NotImplementedError'>, <class 'RuntimeError'>, <class 'Exception'>, <class 'BaseException'>, <class 'object'>] 
-|-------|-------|-------|-------| _DeadlockError [<class '_frozen_importlib._DeadlockError'>, <class 'RuntimeError'>, <class 'Exception'>, <class 'BaseException'>, <class 'object'>] 
-|-------|-------|-------| NameError [<class 'NameError'>, <class 'Exception'>, <class 'BaseException'>, <class 'object'>] 
-|-------|-------|-------|-------| UnboundLocalError [<class 'UnboundLocalError'>, <class 'NameError'>, <class 'Exception'>, <class 'BaseException'>, <class 'object'>] 
-|-------|-------|-------| AttributeError [<class 'AttributeError'>, <class 'Exception'>, <class 'BaseException'>, <class 'object'>] 
-|-------|-------|-------| SyntaxError [<class 'SyntaxError'>, <class 'Exception'>, <class 'BaseException'>, <class 'object'>] 
-|-------|-------|-------|-------| IndentationError [<class 'IndentationError'>, <class 'SyntaxError'>, <class 'Exception'>, <class 'BaseException'>, <class 'object'>] 
-|-------|-------|-------|-------|-------| TabError [<class 'TabError'>, <class 'IndentationError'>, <class 'SyntaxError'>, <class 'Exception'>, <class 'BaseException'>, <class 'object'>] 
-|-------|-------|-------| LookupError [<class 'LookupError'>, <class 'Exception'>, <class 'BaseException'>, <class 'object'>] 
-|-------|-------|-------|-------| IndexError [<class 'IndexError'>, <class 'LookupError'>, <class 'Exception'>, <class 'BaseException'>, <class 'object'>] 
-|-------|-------|-------|-------| KeyError [<class 'KeyError'>, <class 'LookupError'>, <class 'Exception'>, <class 'BaseException'>, <class 'object'>] 
-|-------|-------|-------|-------| CodecRegistryError [<class 'encodings.CodecRegistryError'>, <class 'LookupError'>, <class 'SystemError'>, <class 'Exception'>, <class 'BaseException'>, <class 'object'>] 
-|-------|-------|-------| ValueError [<class 'ValueError'>, <class 'Exception'>, <class 'BaseException'>, <class 'object'>] 
-|-------|-------|-------|-------| UnicodeError [<class 'UnicodeError'>, <class 'ValueError'>, <class 'Exception'>, <class 'BaseException'>, <class 'object'>] 
-|-------|-------|-------|-------|-------| UnicodeEncodeError [<class 'UnicodeEncodeError'>, <class 'UnicodeError'>, <class 'ValueError'>, <class 'Exception'>, <class 'BaseException'>, <class 'object'>] 
-|-------|-------|-------|-------|-------| UnicodeDecodeError [<class 'UnicodeDecodeError'>, <class 'UnicodeError'>, <class 'ValueError'>, <class 'Exception'>, <class 'BaseException'>, <class 'object'>] 
-|-------|-------|-------|-------|-------| UnicodeTranslateError [<class 'UnicodeTranslateError'>, <class 'UnicodeError'>, <class 'ValueError'>, <class 'Exception'>, <class 'BaseException'>, <class 'object'>] 
-|-------|-------|-------|-------| UnsupportedOperation [<class 'io.UnsupportedOperation'>, <class 'OSError'>, <class 'ValueError'>, <class 'Exception'>, <class 'BaseException'>, <class 'object'>] 
-|-------|-------|-------| AssertionError [<class 'AssertionError'>, <class 'Exception'>, <class 'BaseException'>, <class 'object'>] 
-|-------|-------|-------| ArithmeticError [<class 'ArithmeticError'>, <class 'Exception'>, <class 'BaseException'>, <class 'object'>] 
-|-------|-------|-------|-------| FloatingPointError [<class 'FloatingPointError'>, <class 'ArithmeticError'>, <class 'Exception'>, <class 'BaseException'>, <class 'object'>] 
-|-------|-------|-------|-------| OverflowError [<class 'OverflowError'>, <class 'ArithmeticError'>, <class 'Exception'>, <class 'BaseException'>, <class 'object'>] 
-|-------|-------|-------|-------| ZeroDivisionError [<class 'ZeroDivisionError'>, <class 'ArithmeticError'>, <class 'Exception'>, <class 'BaseException'>, <class 'object'>] 
-|-------|-------|-------| SystemError [<class 'SystemError'>, <class 'Exception'>, <class 'BaseException'>, <class 'object'>] 
-|-------|-------|-------|-------| CodecRegistryError [<class 'encodings.CodecRegistryError'>, <class 'LookupError'>, <class 'SystemError'>, <class 'Exception'>, <class 'BaseException'>, <class 'object'>] 
-|-------|-------|-------| ReferenceError [<class 'ReferenceError'>, <class 'Exception'>, <class 'BaseException'>, <class 'object'>] 
-|-------|-------|-------| MemoryError [<class 'MemoryError'>, <class 'Exception'>, <class 'BaseException'>, <class 'object'>] 
-|-------|-------|-------| BufferError [<class 'BufferError'>, <class 'Exception'>, <class 'BaseException'>, <class 'object'>] 
-|-------|-------|-------| Warning [<class 'Warning'>, <class 'Exception'>, <class 'BaseException'>, <class 'object'>] 
-|-------|-------|-------|-------| UserWarning [<class 'UserWarning'>, <class 'Warning'>, <class 'Exception'>, <class 'BaseException'>, <class 'object'>] 
-|-------|-------|-------|-------| DeprecationWarning [<class 'DeprecationWarning'>, <class 'Warning'>, <class 'Exception'>, <class 'BaseException'>, <class 'object'>] 
-|-------|-------|-------|-------| PendingDeprecationWarning [<class 'PendingDeprecationWarning'>, <class 'Warning'>, <class 'Exception'>, <class 'BaseException'>, <class 'object'>] 
-|-------|-------|-------|-------| SyntaxWarning [<class 'SyntaxWarning'>, <class 'Warning'>, <class 'Exception'>, <class 'BaseException'>, <class 'object'>] 
-|-------|-------|-------|-------| RuntimeWarning [<class 'RuntimeWarning'>, <class 'Warning'>, <class 'Exception'>, <class 'BaseException'>, <class 'object'>] 
-|-------|-------|-------|-------| FutureWarning [<class 'FutureWarning'>, <class 'Warning'>, <class 'Exception'>, <class 'BaseException'>, <class 'object'>] 
-|-------|-------|-------|-------| ImportWarning [<class 'ImportWarning'>, <class 'Warning'>, <class 'Exception'>, <class 'BaseException'>, <class 'object'>] 
-|-------|-------|-------|-------| UnicodeWarning [<class 'UnicodeWarning'>, <class 'Warning'>, <class 'Exception'>, <class 'BaseException'>, <class 'object'>] 
-|-------|-------|-------|-------| BytesWarning [<class 'BytesWarning'>, <class 'Warning'>, <class 'Exception'>, <class 'BaseException'>, <class 'object'>] 
-|-------|-------|-------|-------| ResourceWarning [<class 'ResourceWarning'>, <class 'Warning'>, <class 'Exception'>, <class 'BaseException'>, <class 'object'>] 
-|-------|-------|-------| Error [<class 'locale.Error'>, <class 'Exception'>, <class 'BaseException'>, <class 'object'>] 
-|-------|-------| GeneratorExit [<class 'GeneratorExit'>, <class 'BaseException'>, <class 'object'>] 
-|-------|-------| SystemExit [<class 'SystemExit'>, <class 'BaseException'>, <class 'object'>] 
-|-------|-------| KeyboardInterrupt [<class 'KeyboardInterrupt'>, <class 'BaseException'>, <class 'object'>] 
-|-------| hamt [<class 'hamt'>, <class 'object'>] 
-|-------| hamt_array_node [<class 'hamt_array_node'>, <class 'object'>] 
-|-------| hamt_bitmap_node [<class 'hamt_bitmap_node'>, <class 'object'>] 
-|-------| hamt_collision_node [<class 'hamt_collision_node'>, <class 'object'>] 
-|-------| keys [<class 'keys'>, <class 'object'>] 
-|-------| values [<class 'values'>, <class 'object'>] 
-|-------| items [<class 'items'>, <class 'object'>] 
-|-------| Context [<class 'Context'>, <class 'object'>] 
-|-------| ContextVar [<class 'ContextVar'>, <class 'object'>] 
-|-------| Token [<class 'Token'>, <class 'object'>] 
-|-------| MISSING [<class 'Token.MISSING'>, <class 'object'>] 
-|-------| moduledef [<class 'moduledef'>, <class 'object'>] 
-|-------| module [<class 'module'>, <class 'object'>] 
-|-------| filter [<class 'filter'>, <class 'object'>] 
-|-------| map [<class 'map'>, <class 'object'>] 
-|-------| zip [<class 'zip'>, <class 'object'>] 
-|-------| _ModuleLock [<class '_frozen_importlib._ModuleLock'>, <class 'object'>] 
-|-------| _DummyModuleLock [<class '_frozen_importlib._DummyModuleLock'>, <class 'object'>] 
-|-------| _ModuleLockManager [<class '_frozen_importlib._ModuleLockManager'>, <class 'object'>] 
-|-------| ModuleSpec [<class '_frozen_importlib.ModuleSpec'>, <class 'object'>] 
-|-------| BuiltinImporter [<class '_frozen_importlib.BuiltinImporter'>, <class 'object'>] 
-|-------| classmethod [<class 'classmethod'>, <class 'object'>] 
-|-------|-------| abstractclassmethod [<class 'abc.abstractclassmethod'>, <class 'classmethod'>, <class 'object'>] 
-|-------| FrozenImporter [<class '_frozen_importlib.FrozenImporter'>, <class 'object'>] 
-|-------| _ImportLockContext [<class '_frozen_importlib._ImportLockContext'>, <class 'object'>] 
-|-------| _localdummy [<class '_thread._localdummy'>, <class 'object'>] 
-|-------| _local [<class '_thread._local'>, <class 'object'>] 
-|-------| lock [<class '_thread.lock'>, <class 'object'>] 
-|-------| RLock [<class '_thread.RLock'>, <class 'object'>] 
-|-------| _IOBase [<class '_io._IOBase'>, <class 'object'>] 
-|-------|-------| _RawIOBase [<class '_io._RawIOBase'>, <class '_io._IOBase'>, <class 'object'>] 
-|-------|-------|-------| FileIO [<class '_io.FileIO'>, <class '_io._RawIOBase'>, <class '_io._IOBase'>, <class 'object'>] 
-|-------|-------|-------| RawIOBase [<class 'io.RawIOBase'>, <class '_io._RawIOBase'>, <class 'io.IOBase'>, <class '_io._IOBase'>, <class 'object'>] 
-|-------|-------| _BufferedIOBase [<class '_io._BufferedIOBase'>, <class '_io._IOBase'>, <class 'object'>] 
-|-------|-------|-------| BytesIO [<class '_io.BytesIO'>, <class '_io._BufferedIOBase'>, <class '_io._IOBase'>, <class 'object'>] 
-|-------|-------|-------| BufferedReader [<class '_io.BufferedReader'>, <class '_io._BufferedIOBase'>, <class '_io._IOBase'>, <class 'object'>] 
-|-------|-------|-------| BufferedWriter [<class '_io.BufferedWriter'>, <class '_io._BufferedIOBase'>, <class '_io._IOBase'>, <class 'object'>] 
-|-------|-------|-------| BufferedRWPair [<class '_io.BufferedRWPair'>, <class '_io._BufferedIOBase'>, <class '_io._IOBase'>, <class 'object'>] 
-|-------|-------|-------| BufferedRandom [<class '_io.BufferedRandom'>, <class '_io._BufferedIOBase'>, <class '_io._IOBase'>, <class 'object'>] 
-|-------|-------|-------| BufferedIOBase [<class 'io.BufferedIOBase'>, <class '_io._BufferedIOBase'>, <class 'io.IOBase'>, <class '_io._IOBase'>, <class 'object'>] 
-|-------|-------| _TextIOBase [<class '_io._TextIOBase'>, <class '_io._IOBase'>, <class 'object'>] 
-|-------|-------|-------| StringIO [<class '_io.StringIO'>, <class '_io._TextIOBase'>, <class '_io._IOBase'>, <class 'object'>] 
-|-------|-------|-------| TextIOWrapper [<class '_io.TextIOWrapper'>, <class '_io._TextIOBase'>, <class '_io._IOBase'>, <class 'object'>] 
-|-------|-------|-------| TextIOBase [<class 'io.TextIOBase'>, <class '_io._TextIOBase'>, <class 'io.IOBase'>, <class '_io._IOBase'>, <class 'object'>] 
-|-------|-------| IOBase [<class 'io.IOBase'>, <class '_io._IOBase'>, <class 'object'>] 
-|-------|-------|-------| RawIOBase [<class 'io.RawIOBase'>, <class '_io._RawIOBase'>, <class 'io.IOBase'>, <class '_io._IOBase'>, <class 'object'>] 
-|-------|-------|-------| BufferedIOBase [<class 'io.BufferedIOBase'>, <class '_io._BufferedIOBase'>, <class 'io.IOBase'>, <class '_io._IOBase'>, <class 'object'>] 
-|-------|-------|-------| TextIOBase [<class 'io.TextIOBase'>, <class '_io._TextIOBase'>, <class 'io.IOBase'>, <class '_io._IOBase'>, <class 'object'>] 
-|-------| _BytesIOBuffer [<class '_io._BytesIOBuffer'>, <class 'object'>] 
-|-------| IncrementalNewlineDecoder [<class '_io.IncrementalNewlineDecoder'>, <class 'object'>] 
-|-------| ScandirIterator [<class 'posix.ScandirIterator'>, <class 'object'>] 
-|-------| DirEntry [<class 'posix.DirEntry'>, <class 'object'>] 
-|-------| WindowsRegistryFinder [<class '_frozen_importlib_external.WindowsRegistryFinder'>, <class 'object'>] 
-|-------| _LoaderBasics [<class '_frozen_importlib_external._LoaderBasics'>, <class 'object'>] 
-|-------|-------| SourceLoader [<class '_frozen_importlib_external.SourceLoader'>, <class '_frozen_importlib_external._LoaderBasics'>, <class 'object'>] 
-|-------|-------|-------| SourceFileLoader [<class '_frozen_importlib_external.SourceFileLoader'>, <class '_frozen_importlib_external.FileLoader'>, <class '_frozen_importlib_external.SourceLoader'>, <class '_frozen_importlib_external._LoaderBasics'>, <class 'object'>] 
-|-------|-------| SourcelessFileLoader [<class '_frozen_importlib_external.SourcelessFileLoader'>, <class '_frozen_importlib_external.FileLoader'>, <class '_frozen_importlib_external._LoaderBasics'>, <class 'object'>] 
-|-------|-------| ExtensionFileLoader [<class '_frozen_importlib_external.ExtensionFileLoader'>, <class '_frozen_importlib_external.FileLoader'>, <class '_frozen_importlib_external._LoaderBasics'>, <class 'object'>] 
-|-------| FileLoader [<class '_frozen_importlib_external.FileLoader'>, <class 'object'>] 
-|-------|-------| SourceFileLoader [<class '_frozen_importlib_external.SourceFileLoader'>, <class '_frozen_importlib_external.FileLoader'>, <class '_frozen_importlib_external.SourceLoader'>, <class '_frozen_importlib_external._LoaderBasics'>, <class 'object'>] 
-|-------|-------| SourcelessFileLoader [<class '_frozen_importlib_external.SourcelessFileLoader'>, <class '_frozen_importlib_external.FileLoader'>, <class '_frozen_importlib_external._LoaderBasics'>, <class 'object'>] 
-|-------|-------| ExtensionFileLoader [<class '_frozen_importlib_external.ExtensionFileLoader'>, <class '_frozen_importlib_external.FileLoader'>, <class '_frozen_importlib_external._LoaderBasics'>, <class 'object'>] 
-|-------| _NamespacePath [<class '_frozen_importlib_external._NamespacePath'>, <class 'object'>] 
-|-------| _NamespaceLoader [<class '_frozen_importlib_external._NamespaceLoader'>, <class 'object'>] 
-|-------| PathFinder [<class '_frozen_importlib_external.PathFinder'>, <class 'object'>] 
-|-------| FileFinder [<class '_frozen_importlib_external.FileFinder'>, <class 'object'>] 
-|-------| zipimporter [<class 'zipimport.zipimporter'>, <class 'object'>] 
-|-------| _ZipImportResourceReader [<class 'zipimport._ZipImportResourceReader'>, <class 'object'>] 
-|-------| Codec [<class 'codecs.Codec'>, <class 'object'>] 
-|-------|-------| StreamWriter [<class 'codecs.StreamWriter'>, <class 'codecs.Codec'>, <class 'object'>] 
-|-------|-------|-------| StreamWriter [<class 'encodings.utf_8.StreamWriter'>, <class 'codecs.StreamWriter'>, <class 'codecs.Codec'>, <class 'object'>] 
-|-------|-------|-------| StreamWriter [<class 'encodings.latin_1.StreamWriter'>, <class 'encodings.latin_1.Codec'>, <class 'codecs.StreamWriter'>, <class 'codecs.Codec'>, <class 'object'>] 
-|-------|-------|-------|-------| StreamConverter [<class 'encodings.latin_1.StreamConverter'>, <class 'encodings.latin_1.StreamWriter'>, <class 'encodings.latin_1.StreamReader'>, <class 'encodings.latin_1.Codec'>, <class 'codecs.StreamWriter'>, <class 'codecs.StreamReader'>, <class 'codecs.Codec'>, <class 'object'>] 
-|-------|-------| StreamReader [<class 'codecs.StreamReader'>, <class 'codecs.Codec'>, <class 'object'>] 
-|-------|-------|-------| StreamReader [<class 'encodings.utf_8.StreamReader'>, <class 'codecs.StreamReader'>, <class 'codecs.Codec'>, <class 'object'>] 
-|-------|-------|-------| StreamReader [<class 'encodings.latin_1.StreamReader'>, <class 'encodings.latin_1.Codec'>, <class 'codecs.StreamReader'>, <class 'codecs.Codec'>, <class 'object'>] 
-|-------|-------|-------|-------| StreamConverter [<class 'encodings.latin_1.StreamConverter'>, <class 'encodings.latin_1.StreamWriter'>, <class 'encodings.latin_1.StreamReader'>, <class 'encodings.latin_1.Codec'>, <class 'codecs.StreamWriter'>, <class 'codecs.StreamReader'>, <class 'codecs.Codec'>, <class 'object'>] 
-|-------|-------| Codec [<class 'encodings.latin_1.Codec'>, <class 'codecs.Codec'>, <class 'object'>] 
-|-------|-------|-------| StreamWriter [<class 'encodings.latin_1.StreamWriter'>, <class 'encodings.latin_1.Codec'>, <class 'codecs.StreamWriter'>, <class 'codecs.Codec'>, <class 'object'>] 
-|-------|-------|-------|-------| StreamConverter [<class 'encodings.latin_1.StreamConverter'>, <class 'encodings.latin_1.StreamWriter'>, <class 'encodings.latin_1.StreamReader'>, <class 'encodings.latin_1.Codec'>, <class 'codecs.StreamWriter'>, <class 'codecs.StreamReader'>, <class 'codecs.Codec'>, <class 'object'>] 
-|-------|-------|-------| StreamReader [<class 'encodings.latin_1.StreamReader'>, <class 'encodings.latin_1.Codec'>, <class 'codecs.StreamReader'>, <class 'codecs.Codec'>, <class 'object'>] 
-|-------|-------|-------|-------| StreamConverter [<class 'encodings.latin_1.StreamConverter'>, <class 'encodings.latin_1.StreamWriter'>, <class 'encodings.latin_1.StreamReader'>, <class 'encodings.latin_1.Codec'>, <class 'codecs.StreamWriter'>, <class 'codecs.StreamReader'>, <class 'codecs.Codec'>, <class 'object'>] 
-|-------| IncrementalEncoder [<class 'codecs.IncrementalEncoder'>, <class 'object'>] 
-|-------|-------| BufferedIncrementalEncoder [<class 'codecs.BufferedIncrementalEncoder'>, <class 'codecs.IncrementalEncoder'>, <class 'object'>] 
-|-------|-------| IncrementalEncoder [<class 'encodings.utf_8.IncrementalEncoder'>, <class 'codecs.IncrementalEncoder'>, <class 'object'>] 
-|-------|-------| IncrementalEncoder [<class 'encodings.latin_1.IncrementalEncoder'>, <class 'codecs.IncrementalEncoder'>, <class 'object'>] 
-|-------| IncrementalDecoder [<class 'codecs.IncrementalDecoder'>, <class 'object'>] 
-|-------|-------| BufferedIncrementalDecoder [<class 'codecs.BufferedIncrementalDecoder'>, <class 'codecs.IncrementalDecoder'>, <class 'object'>] 
-|-------|-------|-------| IncrementalDecoder [<class 'encodings.utf_8.IncrementalDecoder'>, <class 'codecs.BufferedIncrementalDecoder'>, <class 'codecs.IncrementalDecoder'>, <class 'object'>] 
-|-------|-------| IncrementalDecoder [<class 'encodings.latin_1.IncrementalDecoder'>, <class 'codecs.IncrementalDecoder'>, <class 'object'>] 
-|-------| StreamReaderWriter [<class 'codecs.StreamReaderWriter'>, <class 'object'>] 
-|-------| StreamRecoder [<class 'codecs.StreamRecoder'>, <class 'object'>] 
-|-------| _abc_data [<class '_abc._abc_data'>, <class 'object'>] 
-|-------| ABC [<class 'abc.ABC'>, <class 'object'>] 
-|-------|-------| PathLike [<class 'os.PathLike'>, <class 'abc.ABC'>, <class 'object'>] 
-|-------| dict_itemiterator [<class 'dict_itemiterator'>, <class 'object'>] 
-|-------| Hashable [<class 'collections.abc.Hashable'>, <class 'object'>] 
-|-------| Awaitable [<class 'collections.abc.Awaitable'>, <class 'object'>] 
-|-------|-------| Coroutine [<class 'collections.abc.Coroutine'>, <class 'collections.abc.Awaitable'>, <class 'object'>] 
-|-------| GenericAlias [<class 'types.GenericAlias'>, <class 'object'>] 
-|-------|-------| _CallableGenericAlias [<class 'collections.abc._CallableGenericAlias'>, <class 'types.GenericAlias'>, <class 'object'>] 
-|-------| AsyncIterable [<class 'collections.abc.AsyncIterable'>, <class 'object'>] 
-|-------|-------| AsyncIterator [<class 'collections.abc.AsyncIterator'>, <class 'collections.abc.AsyncIterable'>, <class 'object'>] 
-|-------|-------|-------| AsyncGenerator [<class 'collections.abc.AsyncGenerator'>, <class 'collections.abc.AsyncIterator'>, <class 'collections.abc.AsyncIterable'>, <class 'object'>] 
-|-------| async_generator [<class 'async_generator'>, <class 'object'>] 
-|-------| Iterable [<class 'collections.abc.Iterable'>, <class 'object'>] 
-|-------|-------| Iterator [<class 'collections.abc.Iterator'>, <class 'collections.abc.Iterable'>, <class 'object'>] 
-|-------|-------|-------| Generator [<class 'collections.abc.Generator'>, <class 'collections.abc.Iterator'>, <class 'collections.abc.Iterable'>, <class 'object'>] 
-|-------|-------| Reversible [<class 'collections.abc.Reversible'>, <class 'collections.abc.Iterable'>, <class 'object'>] 
-|-------|-------|-------| Sequence [<class 'collections.abc.Sequence'>, <class 'collections.abc.Reversible'>, <class 'collections.abc.Collection'>, <class 'collections.abc.Sized'>, <class 'collections.abc.Iterable'>, <class 'collections.abc.Container'>, <class 'object'>] 
-|-------|-------|-------|-------| ByteString [<class 'collections.abc.ByteString'>, <class 'collections.abc.Sequence'>, <class 'collections.abc.Reversible'>, <class 'collections.abc.Collection'>, <class 'collections.abc.Sized'>, <class 'collections.abc.Iterable'>, <class 'collections.abc.Container'>, <class 'object'>] 
-|-------|-------|-------|-------| MutableSequence [<class 'collections.abc.MutableSequence'>, <class 'collections.abc.Sequence'>, <class 'collections.abc.Reversible'>, <class 'collections.abc.Collection'>, <class 'collections.abc.Sized'>, <class 'collections.abc.Iterable'>, <class 'collections.abc.Container'>, <class 'object'>] 
-|-------|-------| Collection [<class 'collections.abc.Collection'>, <class 'collections.abc.Sized'>, <class 'collections.abc.Iterable'>, <class 'collections.abc.Container'>, <class 'object'>] 
-|-------|-------|-------| Set [<class 'collections.abc.Set'>, <class 'collections.abc.Collection'>, <class 'collections.abc.Sized'>, <class 'collections.abc.Iterable'>, <class 'collections.abc.Container'>, <class 'object'>] 
-|-------|-------|-------|-------| MutableSet [<class 'collections.abc.MutableSet'>, <class 'collections.abc.Set'>, <class 'collections.abc.Collection'>, <class 'collections.abc.Sized'>, <class 'collections.abc.Iterable'>, <class 'collections.abc.Container'>, <class 'object'>] 
-|-------|-------|-------|-------| KeysView [<class 'collections.abc.KeysView'>, <class 'collections.abc.MappingView'>, <class 'collections.abc.Set'>, <class 'collections.abc.Collection'>, <class 'collections.abc.Sized'>, <class 'collections.abc.Iterable'>, <class 'collections.abc.Container'>, <class 'object'>] 
-|-------|-------|-------|-------| ItemsView [<class 'collections.abc.ItemsView'>, <class 'collections.abc.MappingView'>, <class 'collections.abc.Set'>, <class 'collections.abc.Collection'>, <class 'collections.abc.Sized'>, <class 'collections.abc.Iterable'>, <class 'collections.abc.Container'>, <class 'object'>] 
-|-------|-------|-------| Mapping [<class 'collections.abc.Mapping'>, <class 'collections.abc.Collection'>, <class 'collections.abc.Sized'>, <class 'collections.abc.Iterable'>, <class 'collections.abc.Container'>, <class 'object'>] 
-|-------|-------|-------|-------| MutableMapping [<class 'collections.abc.MutableMapping'>, <class 'collections.abc.Mapping'>, <class 'collections.abc.Collection'>, <class 'collections.abc.Sized'>, <class 'collections.abc.Iterable'>, <class 'collections.abc.Container'>, <class 'object'>] 
-|-------|-------|-------|-------|-------| _Environ [<class 'os._Environ'>, <class 'collections.abc.MutableMapping'>, <class 'collections.abc.Mapping'>, <class 'collections.abc.Collection'>, <class 'collections.abc.Sized'>, <class 'collections.abc.Iterable'>, <class 'collections.abc.Container'>, <class 'object'>] 
-|-------|-------|-------| ValuesView [<class 'collections.abc.ValuesView'>, <class 'collections.abc.MappingView'>, <class 'collections.abc.Collection'>, <class 'collections.abc.Sized'>, <class 'collections.abc.Iterable'>, <class 'collections.abc.Container'>, <class 'object'>] 
-|-------|-------|-------| Sequence [<class 'collections.abc.Sequence'>, <class 'collections.abc.Reversible'>, <class 'collections.abc.Collection'>, <class 'collections.abc.Sized'>, <class 'collections.abc.Iterable'>, <class 'collections.abc.Container'>, <class 'object'>] 
-|-------|-------|-------|-------| ByteString [<class 'collections.abc.ByteString'>, <class 'collections.abc.Sequence'>, <class 'collections.abc.Reversible'>, <class 'collections.abc.Collection'>, <class 'collections.abc.Sized'>, <class 'collections.abc.Iterable'>, <class 'collections.abc.Container'>, <class 'object'>] 
-|-------|-------|-------|-------| MutableSequence [<class 'collections.abc.MutableSequence'>, <class 'collections.abc.Sequence'>, <class 'collections.abc.Reversible'>, <class 'collections.abc.Collection'>, <class 'collections.abc.Sized'>, <class 'collections.abc.Iterable'>, <class 'collections.abc.Container'>, <class 'object'>] 
-|-------| bytes_iterator [<class 'bytes_iterator'>, <class 'object'>] 
-|-------| bytearray_iterator [<class 'bytearray_iterator'>, <class 'object'>] 
-|-------| dict_keyiterator [<class 'dict_keyiterator'>, <class 'object'>] 
-|-------| dict_valueiterator [<class 'dict_valueiterator'>, <class 'object'>] 
-|-------| list_iterator [<class 'list_iterator'>, <class 'object'>] 
-|-------| list_reverseiterator [<class 'list_reverseiterator'>, <class 'object'>] 
-|-------| range_iterator [<class 'range_iterator'>, <class 'object'>] 
-|-------| set_iterator [<class 'set_iterator'>, <class 'object'>] 
-|-------| str_iterator [<class 'str_iterator'>, <class 'object'>] 
-|-------| tuple_iterator [<class 'tuple_iterator'>, <class 'object'>] 
-|-------| Sized [<class 'collections.abc.Sized'>, <class 'object'>] 
-|-------|-------| Collection [<class 'collections.abc.Collection'>, <class 'collections.abc.Sized'>, <class 'collections.abc.Iterable'>, <class 'collections.abc.Container'>, <class 'object'>] 
-|-------|-------|-------| Set [<class 'collections.abc.Set'>, <class 'collections.abc.Collection'>, <class 'collections.abc.Sized'>, <class 'collections.abc.Iterable'>, <class 'collections.abc.Container'>, <class 'object'>] 
-|-------|-------|-------|-------| MutableSet [<class 'collections.abc.MutableSet'>, <class 'collections.abc.Set'>, <class 'collections.abc.Collection'>, <class 'collections.abc.Sized'>, <class 'collections.abc.Iterable'>, <class 'collections.abc.Container'>, <class 'object'>] 
-|-------|-------|-------|-------| KeysView [<class 'collections.abc.KeysView'>, <class 'collections.abc.MappingView'>, <class 'collections.abc.Set'>, <class 'collections.abc.Collection'>, <class 'collections.abc.Sized'>, <class 'collections.abc.Iterable'>, <class 'collections.abc.Container'>, <class 'object'>] 
-|-------|-------|-------|-------| ItemsView [<class 'collections.abc.ItemsView'>, <class 'collections.abc.MappingView'>, <class 'collections.abc.Set'>, <class 'collections.abc.Collection'>, <class 'collections.abc.Sized'>, <class 'collections.abc.Iterable'>, <class 'collections.abc.Container'>, <class 'object'>] 
-|-------|-------|-------| Mapping [<class 'collections.abc.Mapping'>, <class 'collections.abc.Collection'>, <class 'collections.abc.Sized'>, <class 'collections.abc.Iterable'>, <class 'collections.abc.Container'>, <class 'object'>] 
-|-------|-------|-------|-------| MutableMapping [<class 'collections.abc.MutableMapping'>, <class 'collections.abc.Mapping'>, <class 'collections.abc.Collection'>, <class 'collections.abc.Sized'>, <class 'collections.abc.Iterable'>, <class 'collections.abc.Container'>, <class 'object'>] 
-|-------|-------|-------|-------|-------| _Environ [<class 'os._Environ'>, <class 'collections.abc.MutableMapping'>, <class 'collections.abc.Mapping'>, <class 'collections.abc.Collection'>, <class 'collections.abc.Sized'>, <class 'collections.abc.Iterable'>, <class 'collections.abc.Container'>, <class 'object'>] 
-|-------|-------|-------| ValuesView [<class 'collections.abc.ValuesView'>, <class 'collections.abc.MappingView'>, <class 'collections.abc.Collection'>, <class 'collections.abc.Sized'>, <class 'collections.abc.Iterable'>, <class 'collections.abc.Container'>, <class 'object'>] 
-|-------|-------|-------| Sequence [<class 'collections.abc.Sequence'>, <class 'collections.abc.Reversible'>, <class 'collections.abc.Collection'>, <class 'collections.abc.Sized'>, <class 'collections.abc.Iterable'>, <class 'collections.abc.Container'>, <class 'object'>] 
-|-------|-------|-------|-------| ByteString [<class 'collections.abc.ByteString'>, <class 'collections.abc.Sequence'>, <class 'collections.abc.Reversible'>, <class 'collections.abc.Collection'>, <class 'collections.abc.Sized'>, <class 'collections.abc.Iterable'>, <class 'collections.abc.Container'>, <class 'object'>] 
-|-------|-------|-------|-------| MutableSequence [<class 'collections.abc.MutableSequence'>, <class 'collections.abc.Sequence'>, <class 'collections.abc.Reversible'>, <class 'collections.abc.Collection'>, <class 'collections.abc.Sized'>, <class 'collections.abc.Iterable'>, <class 'collections.abc.Container'>, <class 'object'>] 
-|-------|-------| MappingView [<class 'collections.abc.MappingView'>, <class 'collections.abc.Sized'>, <class 'object'>] 
-|-------|-------|-------| KeysView [<class 'collections.abc.KeysView'>, <class 'collections.abc.MappingView'>, <class 'collections.abc.Set'>, <class 'collections.abc.Collection'>, <class 'collections.abc.Sized'>, <class 'collections.abc.Iterable'>, <class 'collections.abc.Container'>, <class 'object'>] 
-|-------|-------|-------| ItemsView [<class 'collections.abc.ItemsView'>, <class 'collections.abc.MappingView'>, <class 'collections.abc.Set'>, <class 'collections.abc.Collection'>, <class 'collections.abc.Sized'>, <class 'collections.abc.Iterable'>, <class 'collections.abc.Container'>, <class 'object'>] 
-|-------|-------|-------| ValuesView [<class 'collections.abc.ValuesView'>, <class 'collections.abc.MappingView'>, <class 'collections.abc.Collection'>, <class 'collections.abc.Sized'>, <class 'collections.abc.Iterable'>, <class 'collections.abc.Container'>, <class 'object'>] 
-|-------| Container [<class 'collections.abc.Container'>, <class 'object'>] 
-|-------|-------| Collection [<class 'collections.abc.Collection'>, <class 'collections.abc.Sized'>, <class 'collections.abc.Iterable'>, <class 'collections.abc.Container'>, <class 'object'>] 
-|-------|-------|-------| Set [<class 'collections.abc.Set'>, <class 'collections.abc.Collection'>, <class 'collections.abc.Sized'>, <class 'collections.abc.Iterable'>, <class 'collections.abc.Container'>, <class 'object'>] 
-|-------|-------|-------|-------| MutableSet [<class 'collections.abc.MutableSet'>, <class 'collections.abc.Set'>, <class 'collections.abc.Collection'>, <class 'collections.abc.Sized'>, <class 'collections.abc.Iterable'>, <class 'collections.abc.Container'>, <class 'object'>] 
-|-------|-------|-------|-------| KeysView [<class 'collections.abc.KeysView'>, <class 'collections.abc.MappingView'>, <class 'collections.abc.Set'>, <class 'collections.abc.Collection'>, <class 'collections.abc.Sized'>, <class 'collections.abc.Iterable'>, <class 'collections.abc.Container'>, <class 'object'>] 
-|-------|-------|-------|-------| ItemsView [<class 'collections.abc.ItemsView'>, <class 'collections.abc.MappingView'>, <class 'collections.abc.Set'>, <class 'collections.abc.Collection'>, <class 'collections.abc.Sized'>, <class 'collections.abc.Iterable'>, <class 'collections.abc.Container'>, <class 'object'>] 
-|-------|-------|-------| Mapping [<class 'collections.abc.Mapping'>, <class 'collections.abc.Collection'>, <class 'collections.abc.Sized'>, <class 'collections.abc.Iterable'>, <class 'collections.abc.Container'>, <class 'object'>] 
-|-------|-------|-------|-------| MutableMapping [<class 'collections.abc.MutableMapping'>, <class 'collections.abc.Mapping'>, <class 'collections.abc.Collection'>, <class 'collections.abc.Sized'>, <class 'collections.abc.Iterable'>, <class 'collections.abc.Container'>, <class 'object'>] 
-|-------|-------|-------|-------|-------| _Environ [<class 'os._Environ'>, <class 'collections.abc.MutableMapping'>, <class 'collections.abc.Mapping'>, <class 'collections.abc.Collection'>, <class 'collections.abc.Sized'>, <class 'collections.abc.Iterable'>, <class 'collections.abc.Container'>, <class 'object'>] 
-|-------|-------|-------| ValuesView [<class 'collections.abc.ValuesView'>, <class 'collections.abc.MappingView'>, <class 'collections.abc.Collection'>, <class 'collections.abc.Sized'>, <class 'collections.abc.Iterable'>, <class 'collections.abc.Container'>, <class 'object'>] 
-|-------|-------|-------| Sequence [<class 'collections.abc.Sequence'>, <class 'collections.abc.Reversible'>, <class 'collections.abc.Collection'>, <class 'collections.abc.Sized'>, <class 'collections.abc.Iterable'>, <class 'collections.abc.Container'>, <class 'object'>] 
-|-------|-------|-------|-------| ByteString [<class 'collections.abc.ByteString'>, <class 'collections.abc.Sequence'>, <class 'collections.abc.Reversible'>, <class 'collections.abc.Collection'>, <class 'collections.abc.Sized'>, <class 'collections.abc.Iterable'>, <class 'collections.abc.Container'>, <class 'object'>] 
-|-------|-------|-------|-------| MutableSequence [<class 'collections.abc.MutableSequence'>, <class 'collections.abc.Sequence'>, <class 'collections.abc.Reversible'>, <class 'collections.abc.Collection'>, <class 'collections.abc.Sized'>, <class 'collections.abc.Iterable'>, <class 'collections.abc.Container'>, <class 'object'>] 
-|-------| Callable [<class 'collections.abc.Callable'>, <class 'object'>] 
-|-------| _wrap_close [<class 'os._wrap_close'>, <class 'object'>] 
-|-------| Quitter [<class '_sitebuiltins.Quitter'>, <class 'object'>] 
-|-------| _Printer [<class '_sitebuiltins._Printer'>, <class 'object'>] 
-|-------| _Helper [<class '_sitebuiltins._Helper'>, <class 'object'>] 
-------------------------------------------------
