-------------------------------------------------
-| object 
-|-------| weakref 
-|-------| weakcallableproxy 
-|-------| weakproxy 
-|-------| int 
-|-------|-------| bool 
-|-------| bytearray 
-|-------| bytes 
-|-------| list 
-|-------| NoneType 
-|-------| NotImplementedType 
-|-------| traceback 
-|-------| super 
-|-------| range 
-|-------| dict 
-|-------|-------| OrderedDict 
-|-------| dict_keys 
-|-------|-------| odict_keys 
-|-------| dict_values 
-|-------|-------| odict_values 
-|-------| dict_items 
-|-------|-------| odict_items 
-|-------| dict_reversekeyiterator 
-|-------| dict_reversevalueiterator 
-|-------| dict_reverseitemiterator 
-|-------| odict_iterator 
-|-------| set 
-|-------| str 
-|-------| slice 
-|-------| staticmethod 
-|-------|-------| abstractstaticmethod 
-|-------| complex 
-|-------| float 
-|-------| frozenset 
-|-------| property 
-|-------|-------| abstractproperty 
-|-------| managedbuffer 
-|-------| memoryview 
-|-------| tuple 
-|-------|-------| int_info 
-|-------|-------| float_info 
-|-------|-------| UnraisableHookArgs 
-|-------|-------| hash_info 
-|-------|-------| version_info 
-|-------|-------| flags 
-|-------|-------| thread_info 
-|-------|-------| asyncgen_hooks 
-|-------|-------| ExceptHookArgs 
-|-------|-------| waitid_result 
-|-------|-------| stat_result 
-|-------|-------| statvfs_result 
-|-------|-------| sched_param 
-|-------|-------| terminal_size 
-|-------|-------| times_result 
-|-------|-------| uname_result 
-|-------|-------| struct_time 
-|-------|-------| CodecInfo 
-|-------|-------| struct_siginfo 
-|-------| enumerate 
-|-------| reversed 
-|-------| stderrprinter 
-|-------| code 
-|-------| frame 
-|-------| builtin_function_or_method 
-|-------|-------| builtin_method 
-|-------| method 
-|-------| function 
-|-------| mappingproxy 
-|-------| generator 
-|-------| getset_descriptor 
-|-------| wrapper_descriptor 
-|-------| method-wrapper 
-|-------| ellipsis 
-|-------| member_descriptor 
-|-------| SimpleNamespace 
-|-------| PyCapsule 
-|-------| longrange_iterator 
-|-------| cell 
-|-------| instancemethod 
-|-------| classmethod_descriptor 
-|-------| method_descriptor 
-|-------| callable_iterator 
-|-------| iterator 
-|-------| PickleBuffer 
-|-------| coroutine 
-|-------| coroutine_wrapper 
-|-------| InterpreterID 
-|-------| EncodingMap 
-|-------| fieldnameiterator 
-|-------| formatteriterator 
-|-------| BaseException 
-|-------|-------| Exception 
-|-------|-------|-------| TypeError 
-|-------|-------|-------| StopAsyncIteration 
-|-------|-------|-------| StopIteration 
-|-------|-------|-------| ImportError 
-|-------|-------|-------|-------| ModuleNotFoundError 
-|-------|-------|-------|-------| ZipImportError 
-|-------|-------|-------| OSError 
-|-------|-------|-------|-------| ConnectionError 
-|-------|-------|-------|-------|-------| BrokenPipeError 
-|-------|-------|-------|-------|-------| ConnectionAbortedError 
-|-------|-------|-------|-------|-------| ConnectionRefusedError 
-|-------|-------|-------|-------|-------| ConnectionResetError 
-|-------|-------|-------|-------| BlockingIOError 
-|-------|-------|-------|-------| ChildProcessError 
-|-------|-------|-------|-------| FileExistsError 
-|-------|-------|-------|-------| FileNotFoundError 
-|-------|-------|-------|-------| IsADirectoryError 
-|-------|-------|-------|-------| NotADirectoryError 
-|-------|-------|-------|-------| InterruptedError 
-|-------|-------|-------|-------| PermissionError 
-|-------|-------|-------|-------| ProcessLookupError 
-|-------|-------|-------|-------| TimeoutError 
-|-------|-------|-------|-------| UnsupportedOperation 
-|-------|-------|-------|-------| ItimerError 
-|-------|-------|-------| EOFError 
-|-------|-------|-------| RuntimeError 
-|-------|-------|-------|-------| RecursionError 
-|-------|-------|-------|-------| NotImplementedError 
-|-------|-------|-------|-------| _DeadlockError 
-|-------|-------|-------| NameError 
-|-------|-------|-------|-------| UnboundLocalError 
-|-------|-------|-------| AttributeError 
-|-------|-------|-------| SyntaxError 
-|-------|-------|-------|-------| IndentationError 
-|-------|-------|-------|-------|-------| TabError 
-|-------|-------|-------| LookupError 
-|-------|-------|-------|-------| IndexError 
-|-------|-------|-------|-------| KeyError 
-|-------|-------|-------|-------| CodecRegistryError 
-|-------|-------|-------| ValueError 
-|-------|-------|-------|-------| UnicodeError 
-|-------|-------|-------|-------|-------| UnicodeEncodeError 
-|-------|-------|-------|-------|-------| UnicodeDecodeError 
-|-------|-------|-------|-------|-------| UnicodeTranslateError 
-|-------|-------|-------|-------| UnsupportedOperation 
-|-------|-------|-------| AssertionError 
-|-------|-------|-------| ArithmeticError 
-|-------|-------|-------|-------| FloatingPointError 
-|-------|-------|-------|-------| OverflowError 
-|-------|-------|-------|-------| ZeroDivisionError 
-|-------|-------|-------| SystemError 
-|-------|-------|-------|-------| CodecRegistryError 
-|-------|-------|-------| ReferenceError 
-|-------|-------|-------| MemoryError 
-|-------|-------|-------| BufferError 
-|-------|-------|-------| Warning 
-|-------|-------|-------|-------| UserWarning 
-|-------|-------|-------|-------| DeprecationWarning 
-|-------|-------|-------|-------| PendingDeprecationWarning 
-|-------|-------|-------|-------| SyntaxWarning 
-|-------|-------|-------|-------| RuntimeWarning 
-|-------|-------|-------|-------| FutureWarning 
-|-------|-------|-------|-------| ImportWarning 
-|-------|-------|-------|-------| UnicodeWarning 
-|-------|-------|-------|-------| BytesWarning 
-|-------|-------|-------|-------| ResourceWarning 
-|-------|-------|-------| Error 
-|-------|-------| GeneratorExit 
-|-------|-------| SystemExit 
-|-------|-------| KeyboardInterrupt 
-|-------| hamt 
-|-------| hamt_array_node 
-|-------| hamt_bitmap_node 
-|-------| hamt_collision_node 
-|-------| keys 
-|-------| values 
-|-------| items 
-|-------| Context 
-|-------| ContextVar 
-|-------| Token 
-|-------| MISSING 
-|-------| moduledef 
-|-------| module 
-|-------| filter 
-|-------| map 
-|-------| zip 
-|-------| _ModuleLock 
-|-------| _DummyModuleLock 
-|-------| _ModuleLockManager 
-|-------| ModuleSpec 
-|-------| BuiltinImporter 
-|-------| classmethod 
-|-------|-------| abstractclassmethod 
-|-------| FrozenImporter 
-|-------| _ImportLockContext 
-|-------| _localdummy 
-|-------| _local 
-|-------| lock 
-|-------| RLock 
-|-------| _IOBase 
-|-------|-------| _RawIOBase 
-|-------|-------|-------| FileIO 
-|-------|-------|-------| RawIOBase 
-|-------|-------| _BufferedIOBase 
-|-------|-------|-------| BytesIO 
-|-------|-------|-------| BufferedReader 
-|-------|-------|-------| BufferedWriter 
-|-------|-------|-------| BufferedRWPair 
-|-------|-------|-------| BufferedRandom 
-|-------|-------|-------| BufferedIOBase 
-|-------|-------| _TextIOBase 
-|-------|-------|-------| StringIO 
-|-------|-------|-------| TextIOWrapper 
-|-------|-------|-------| TextIOBase 
-|-------|-------| IOBase 
-|-------|-------|-------| RawIOBase 
-|-------|-------|-------| BufferedIOBase 
-|-------|-------|-------| TextIOBase 
-|-------| _BytesIOBuffer 
-|-------| IncrementalNewlineDecoder 
-|-------| ScandirIterator 
-|-------| DirEntry 
-|-------| WindowsRegistryFinder 
-|-------| _LoaderBasics 
-|-------|-------| SourceLoader 
-|-------|-------|-------| SourceFileLoader 
-|-------|-------| SourcelessFileLoader 
-|-------|-------| ExtensionFileLoader 
-|-------| FileLoader 
-|-------|-------| SourceFileLoader 
-|-------|-------| SourcelessFileLoader 
-|-------|-------| ExtensionFileLoader 
-|-------| _NamespacePath 
-|-------| _NamespaceLoader 
-|-------| PathFinder 
-|-------| FileFinder 
-|-------| zipimporter 
-|-------| _ZipImportResourceReader 
-|-------| Codec 
-|-------|-------| StreamWriter 
-|-------|-------|-------| StreamWriter 
-|-------|-------|-------| StreamWriter 
-|-------|-------|-------|-------| StreamConverter 
-|-------|-------| StreamReader 
-|-------|-------|-------| StreamReader 
-|-------|-------|-------| StreamReader 
-|-------|-------|-------|-------| StreamConverter 
-|-------|-------| Codec 
-|-------|-------|-------| StreamWriter 
-|-------|-------|-------|-------| StreamConverter 
-|-------|-------|-------| StreamReader 
-|-------|-------|-------|-------| StreamConverter 
-|-------| IncrementalEncoder 
-|-------|-------| BufferedIncrementalEncoder 
-|-------|-------| IncrementalEncoder 
-|-------|-------| IncrementalEncoder 
-|-------| IncrementalDecoder 
-|-------|-------| BufferedIncrementalDecoder 
-|-------|-------|-------| IncrementalDecoder 
-|-------|-------| IncrementalDecoder 
-|-------| StreamReaderWriter 
-|-------| StreamRecoder 
-|-------| _abc_data 
-|-------| ABC 
-|-------|-------| PathLike 
-|-------| dict_itemiterator 
-|-------| Hashable 
-|-------| Awaitable 
-|-------|-------| Coroutine 
-|-------| GenericAlias 
-|-------|-------| _CallableGenericAlias 
-|-------| AsyncIterable 
-|-------|-------| AsyncIterator 
-|-------|-------|-------| AsyncGenerator 
-|-------| async_generator 
-|-------| Iterable 
-|-------|-------| Iterator 
-|-------|-------|-------| Generator 
-|-------|-------| Reversible 
-|-------|-------|-------| Sequence 
-|-------|-------|-------|-------| ByteString 
-|-------|-------|-------|-------| MutableSequence 
-|-------|-------| Collection 
-|-------|-------|-------| Set 
-|-------|-------|-------|-------| MutableSet 
-|-------|-------|-------|-------| KeysView 
-|-------|-------|-------|-------| ItemsView 
-|-------|-------|-------| Mapping 
-|-------|-------|-------|-------| MutableMapping 
-|-------|-------|-------|-------|-------| _Environ 
-|-------|-------|-------| ValuesView 
-|-------|-------|-------| Sequence 
-|-------|-------|-------|-------| ByteString 
-|-------|-------|-------|-------| MutableSequence 
-|-------| bytes_iterator 
-|-------| bytearray_iterator 
-|-------| dict_keyiterator 
-|-------| dict_valueiterator 
-|-------| list_iterator 
-|-------| list_reverseiterator 
-|-------| range_iterator 
-|-------| set_iterator 
-|-------| str_iterator 
-|-------| tuple_iterator 
-|-------| Sized 
-|-------|-------| Collection 
-|-------|-------|-------| Set 
-|-------|-------|-------|-------| MutableSet 
-|-------|-------|-------|-------| KeysView 
-|-------|-------|-------|-------| ItemsView 
-|-------|-------|-------| Mapping 
-|-------|-------|-------|-------| MutableMapping 
-|-------|-------|-------|-------|-------| _Environ 
-|-------|-------|-------| ValuesView 
-|-------|-------|-------| Sequence 
-|-------|-------|-------|-------| ByteString 
-|-------|-------|-------|-------| MutableSequence 
-|-------|-------| MappingView 
-|-------|-------|-------| KeysView 
-|-------|-------|-------| ItemsView 
-|-------|-------|-------| ValuesView 
-|-------| Container 
-|-------|-------| Collection 
-|-------|-------|-------| Set 
-|-------|-------|-------|-------| MutableSet 
-|-------|-------|-------|-------| KeysView 
-|-------|-------|-------|-------| ItemsView 
-|-------|-------|-------| Mapping 
-|-------|-------|-------|-------| MutableMapping 
-|-------|-------|-------|-------|-------| _Environ 
-|-------|-------|-------| ValuesView 
-|-------|-------|-------| Sequence 
-|-------|-------|-------|-------| ByteString 
-|-------|-------|-------|-------| MutableSequence 
-|-------| Callable 
-|-------| _wrap_close 
-|-------| Quitter 
-|-------| _Printer 
-|-------| _Helper 
-------------------------------------------------
