object
------|ABC      :: <class 'abc.ABC'>
------|------|AbstractAsyncContextManager      :: <class 'contextlib.AbstractAsyncContextManager'>
------|------|------|AsyncExitStack      :: <class 'contextlib.AsyncExitStack'>
------|------|------|_AsyncGeneratorContextManager      :: <class 'contextlib._AsyncGeneratorContextManager'>
------|------|------|aclosing      :: <class 'contextlib.aclosing'>
------|------|------|nullcontext      :: <class 'contextlib.nullcontext'>
------|------|AbstractContextManager      :: <class 'contextlib.AbstractContextManager'>
------|------|------|ExitStack      :: <class 'contextlib.ExitStack'>
------|------|------|_GeneratorContextManager      :: <class 'contextlib._GeneratorContextManager'>
------|------|------|_RedirectStream      :: <class 'contextlib._RedirectStream'>
------|------|------|------|redirect_stderr      :: <class 'contextlib.redirect_stderr'>
------|------|------|------|redirect_stdout      :: <class 'contextlib.redirect_stdout'>
------|------|------|closing      :: <class 'contextlib.closing'>
------|------|------|nullcontext      :: <class 'contextlib.nullcontext'>
------|------|------|suppress      :: <class 'contextlib.suppress'>
------|------|PathLike      :: <class 'os.PathLike'>
------|AsyncContextDecorator      :: <class 'contextlib.AsyncContextDecorator'>
------|------|_AsyncGeneratorContextManager      :: <class 'contextlib._AsyncGeneratorContextManager'>
------|AsyncIterable      :: <class 'collections.abc.AsyncIterable'>
------|------|AsyncIterator      :: <class 'collections.abc.AsyncIterator'>
------|------|------|AsyncGenerator      :: <class 'collections.abc.AsyncGenerator'>
------|Awaitable      :: <class 'collections.abc.Awaitable'>
------|------|Coroutine      :: <class 'collections.abc.Coroutine'>
------|BaseException      :: <class 'BaseException'>
------|------|Exception      :: <class 'Exception'>
------|------|------|ArithmeticError      :: <class 'ArithmeticError'>
------|------|------|------|FloatingPointError      :: <class 'FloatingPointError'>
------|------|------|------|OverflowError      :: <class 'OverflowError'>
------|------|------|------|ZeroDivisionError      :: <class 'ZeroDivisionError'>
------|------|------|AssertionError      :: <class 'AssertionError'>
------|------|------|AttributeError      :: <class 'AttributeError'>
------|------|------|BufferError      :: <class 'BufferError'>
------|------|------|EOFError      :: <class 'EOFError'>
------|------|------|ImportError      :: <class 'ImportError'>
------|------|------|------|ModuleNotFoundError      :: <class 'ModuleNotFoundError'>
------|------|------|------|ZipImportError      :: <class 'zipimport.ZipImportError'>
------|------|------|LookupError      :: <class 'LookupError'>
------|------|------|------|CodecRegistryError      :: <class 'encodings.CodecRegistryError'>
------|------|------|------|IndexError      :: <class 'IndexError'>
------|------|------|------|KeyError      :: <class 'KeyError'>
------|------|------|MemoryError      :: <class 'MemoryError'>
------|------|------|NameError      :: <class 'NameError'>
------|------|------|------|UnboundLocalError      :: <class 'UnboundLocalError'>
------|------|------|OSError      :: <class 'OSError'>
------|------|------|------|BlockingIOError      :: <class 'BlockingIOError'>
------|------|------|------|ChildProcessError      :: <class 'ChildProcessError'>
------|------|------|------|ConnectionError      :: <class 'ConnectionError'>
------|------|------|------|------|BrokenPipeError      :: <class 'BrokenPipeError'>
------|------|------|------|------|ConnectionAbortedError      :: <class 'ConnectionAbortedError'>
------|------|------|------|------|ConnectionRefusedError      :: <class 'ConnectionRefusedError'>
------|------|------|------|------|ConnectionResetError      :: <class 'ConnectionResetError'>
------|------|------|------|FileExistsError      :: <class 'FileExistsError'>
------|------|------|------|FileNotFoundError      :: <class 'FileNotFoundError'>
------|------|------|------|InterruptedError      :: <class 'InterruptedError'>
------|------|------|------|IsADirectoryError      :: <class 'IsADirectoryError'>
------|------|------|------|NotADirectoryError      :: <class 'NotADirectoryError'>
------|------|------|------|PermissionError      :: <class 'PermissionError'>
------|------|------|------|ProcessLookupError      :: <class 'ProcessLookupError'>
------|------|------|------|TimeoutError      :: <class 'TimeoutError'>
------|------|------|------|UnsupportedOperation      :: <class 'io.UnsupportedOperation'>
------|------|------|------|itimer_error      :: <class 'signal.itimer_error'>
------|------|------|ReferenceError      :: <class 'ReferenceError'>
------|------|------|RuntimeError      :: <class 'RuntimeError'>
------|------|------|------|NotImplementedError      :: <class 'NotImplementedError'>
------|------|------|------|RecursionError      :: <class 'RecursionError'>
------|------|------|------|_DeadlockError      :: <class '_frozen_importlib._DeadlockError'>
------|------|------|StopAsyncIteration      :: <class 'StopAsyncIteration'>
------|------|------|StopIteration      :: <class 'StopIteration'>
------|------|------|SyntaxError      :: <class 'SyntaxError'>
------|------|------|------|IndentationError      :: <class 'IndentationError'>
------|------|------|------|------|TabError      :: <class 'TabError'>
------|------|------|SystemError      :: <class 'SystemError'>
------|------|------|------|CodecRegistryError      :: <class 'encodings.CodecRegistryError'>
------|------|------|TypeError      :: <class 'TypeError'>
------|------|------|ValueError      :: <class 'ValueError'>
------|------|------|------|UnicodeError      :: <class 'UnicodeError'>
------|------|------|------|------|UnicodeDecodeError      :: <class 'UnicodeDecodeError'>
------|------|------|------|------|UnicodeEncodeError      :: <class 'UnicodeEncodeError'>
------|------|------|------|------|UnicodeTranslateError      :: <class 'UnicodeTranslateError'>
------|------|------|------|UnsupportedOperation      :: <class 'io.UnsupportedOperation'>
------|------|------|Warning      :: <class 'Warning'>
------|------|------|------|BytesWarning      :: <class 'BytesWarning'>
------|------|------|------|DeprecationWarning      :: <class 'DeprecationWarning'>
------|------|------|------|EncodingWarning      :: <class 'EncodingWarning'>
------|------|------|------|FutureWarning      :: <class 'FutureWarning'>
------|------|------|------|ImportWarning      :: <class 'ImportWarning'>
------|------|------|------|PendingDeprecationWarning      :: <class 'PendingDeprecationWarning'>
------|------|------|------|ResourceWarning      :: <class 'ResourceWarning'>
------|------|------|------|RuntimeWarning      :: <class 'RuntimeWarning'>
------|------|------|------|SyntaxWarning      :: <class 'SyntaxWarning'>
------|------|------|------|UnicodeWarning      :: <class 'UnicodeWarning'>
------|------|------|------|UserWarning      :: <class 'UserWarning'>
------|------|------|_OptionError      :: <class 'warnings._OptionError'>
------|------|GeneratorExit      :: <class 'GeneratorExit'>
------|------|KeyboardInterrupt      :: <class 'KeyboardInterrupt'>
------|------|SystemExit      :: <class 'SystemExit'>
------|BuiltinImporter      :: <class '_frozen_importlib.BuiltinImporter'>
------|Callable      :: <class 'collections.abc.Callable'>
------|CallableProxyType      :: <class 'weakref.CallableProxyType'>
------|Codec      :: <class 'codecs.Codec'>
------|------|StreamReader      :: <class 'codecs.StreamReader'>
------|------|------|StreamReader      :: <class 'encodings.utf_8.StreamReader'>
------|------|StreamWriter      :: <class 'codecs.StreamWriter'>
------|------|------|StreamWriter      :: <class 'encodings.utf_8.StreamWriter'>
------|Container      :: <class 'collections.abc.Container'>
------|------|Collection      :: <class 'collections.abc.Collection'>
------|------|------|Mapping      :: <class 'collections.abc.Mapping'>
------|------|------|------|MutableMapping      :: <class 'collections.abc.MutableMapping'>
------|------|------|------|------|ChainMap      :: <class 'collections.ChainMap'>
------|------|------|------|------|UserDict      :: <class 'collections.UserDict'>
------|------|------|------|------|_Environ      :: <class 'os._Environ'>
------|------|------|Sequence      :: <class 'collections.abc.Sequence'>
------|------|------|------|ByteString      :: <class 'collections.abc.ByteString'>
------|------|------|------|MutableSequence      :: <class 'collections.abc.MutableSequence'>
------|------|------|------|------|UserList      :: <class 'collections.UserList'>
------|------|------|------|UserString      :: <class 'collections.UserString'>
------|------|------|Set      :: <class 'collections.abc.Set'>
------|------|------|------|ItemsView      :: <class 'collections.abc.ItemsView'>
------|------|------|------|------|_OrderedDictItemsView      :: <class 'collections._OrderedDictItemsView'>
------|------|------|------|KeysView      :: <class 'collections.abc.KeysView'>
------|------|------|------|------|_OrderedDictKeysView      :: <class 'collections._OrderedDictKeysView'>
------|------|------|------|MutableSet      :: <class 'collections.abc.MutableSet'>
------|------|------|ValuesView      :: <class 'collections.abc.ValuesView'>
------|------|------|------|_OrderedDictValuesView      :: <class 'collections._OrderedDictValuesView'>
------|Context      :: <class '_contextvars.Context'>
------|ContextDecorator      :: <class 'contextlib.ContextDecorator'>
------|------|_GeneratorContextManager      :: <class 'contextlib._GeneratorContextManager'>
------|ContextVar      :: <class '_contextvars.ContextVar'>
------|DirEntry      :: <class 'posix.DirEntry'>
------|DistutilsMetaFinder      :: <class '_distutils_hack.DistutilsMetaFinder'>
------|DynamicClassAttribute      :: <class 'types.DynamicClassAttribute'>
------|EncodingMap      :: <class 'EncodingMap'>
------|FileFinder      :: <class '_frozen_importlib_external.FileFinder'>
------|FileLoader      :: <class '_frozen_importlib_external.FileLoader'>
------|------|ExtensionFileLoader      :: <class '_frozen_importlib_external.ExtensionFileLoader'>
------|------|SourceFileLoader      :: <class '_frozen_importlib_external.SourceFileLoader'>
------|------|SourcelessFileLoader      :: <class '_frozen_importlib_external.SourcelessFileLoader'>
------|FrozenImporter      :: <class '_frozen_importlib.FrozenImporter'>
------|GenericAlias      :: <class 'types.GenericAlias'>
------|------|_CallableGenericAlias      :: <class 'collections.abc._CallableGenericAlias'>
------|Hashable      :: <class 'collections.abc.Hashable'>
------|IncrementalDecoder      :: <class 'codecs.IncrementalDecoder'>
------|------|BufferedIncrementalDecoder      :: <class 'codecs.BufferedIncrementalDecoder'>
------|------|------|IncrementalDecoder      :: <class 'encodings.utf_8.IncrementalDecoder'>
------|IncrementalEncoder      :: <class 'codecs.IncrementalEncoder'>
------|------|BufferedIncrementalEncoder      :: <class 'codecs.BufferedIncrementalEncoder'>
------|------|IncrementalEncoder      :: <class 'encodings.utf_8.IncrementalEncoder'>
------|IncrementalNewlineDecoder      :: <class '_io.IncrementalNewlineDecoder'>
------|InterpreterID      :: <class 'InterpreterID'>
------|Iterable      :: <class 'collections.abc.Iterable'>
------|------|Collection      :: <class 'collections.abc.Collection'>
------|------|------|Mapping      :: <class 'collections.abc.Mapping'>
------|------|------|------|MutableMapping      :: <class 'collections.abc.MutableMapping'>
------|------|------|------|------|ChainMap      :: <class 'collections.ChainMap'>
------|------|------|------|------|UserDict      :: <class 'collections.UserDict'>
------|------|------|------|------|_Environ      :: <class 'os._Environ'>
------|------|------|Sequence      :: <class 'collections.abc.Sequence'>
------|------|------|------|ByteString      :: <class 'collections.abc.ByteString'>
------|------|------|------|MutableSequence      :: <class 'collections.abc.MutableSequence'>
------|------|------|------|------|UserList      :: <class 'collections.UserList'>
------|------|------|------|UserString      :: <class 'collections.UserString'>
------|------|------|Set      :: <class 'collections.abc.Set'>
------|------|------|------|ItemsView      :: <class 'collections.abc.ItemsView'>
------|------|------|------|------|_OrderedDictItemsView      :: <class 'collections._OrderedDictItemsView'>
------|------|------|------|KeysView      :: <class 'collections.abc.KeysView'>
------|------|------|------|------|_OrderedDictKeysView      :: <class 'collections._OrderedDictKeysView'>
------|------|------|------|MutableSet      :: <class 'collections.abc.MutableSet'>
------|------|------|ValuesView      :: <class 'collections.abc.ValuesView'>
------|------|------|------|_OrderedDictValuesView      :: <class 'collections._OrderedDictValuesView'>
------|------|Iterator      :: <class 'collections.abc.Iterator'>
------|------|------|Generator      :: <class 'collections.abc.Generator'>
------|------|Reversible      :: <class 'collections.abc.Reversible'>
------|------|------|Sequence      :: <class 'collections.abc.Sequence'>
------|------|------|------|ByteString      :: <class 'collections.abc.ByteString'>
------|------|------|------|MutableSequence      :: <class 'collections.abc.MutableSequence'>
------|------|------|------|------|UserList      :: <class 'collections.UserList'>
------|------|------|------|UserString      :: <class 'collections.UserString'>
------|KeyWrapper      :: <class 'functools.KeyWrapper'>
------|Loader      :: <class 'importlib._abc.Loader'>
------|------|LazyLoader      :: <class 'importlib.util.LazyLoader'>
------|MISSING      :: <class 'Token.MISSING'>
------|ModuleSpec      :: <class '_frozen_importlib.ModuleSpec'>
------|NoneType      :: <class 'NoneType'>
------|NotImplementedType      :: <class 'NotImplementedType'>
------|PathFinder      :: <class '_frozen_importlib_external.PathFinder'>
------|PickleBuffer      :: <class 'pickle.PickleBuffer'>
------|ProxyType      :: <class 'weakref.ProxyType'>
------|PyCapsule      :: <class 'PyCapsule'>
------|Quitter      :: <class '_sitebuiltins.Quitter'>
------|RLock      :: <class '_thread.RLock'>
------|ReferenceType      :: <class 'weakref.ReferenceType'>
------|Repr      :: <class 'reprlib.Repr'>
------|ScandirIterator      :: <class 'posix.ScandirIterator'>
------|SimpleNamespace      :: <class 'types.SimpleNamespace'>
------|Sized      :: <class 'collections.abc.Sized'>
------|------|Collection      :: <class 'collections.abc.Collection'>
------|------|------|Mapping      :: <class 'collections.abc.Mapping'>
------|------|------|------|MutableMapping      :: <class 'collections.abc.MutableMapping'>
------|------|------|------|------|ChainMap      :: <class 'collections.ChainMap'>
------|------|------|------|------|UserDict      :: <class 'collections.UserDict'>
------|------|------|------|------|_Environ      :: <class 'os._Environ'>
------|------|------|Sequence      :: <class 'collections.abc.Sequence'>
------|------|------|------|ByteString      :: <class 'collections.abc.ByteString'>
------|------|------|------|MutableSequence      :: <class 'collections.abc.MutableSequence'>
------|------|------|------|------|UserList      :: <class 'collections.UserList'>
------|------|------|------|UserString      :: <class 'collections.UserString'>
------|------|------|Set      :: <class 'collections.abc.Set'>
------|------|------|------|ItemsView      :: <class 'collections.abc.ItemsView'>
------|------|------|------|------|_OrderedDictItemsView      :: <class 'collections._OrderedDictItemsView'>
------|------|------|------|KeysView      :: <class 'collections.abc.KeysView'>
------|------|------|------|------|_OrderedDictKeysView      :: <class 'collections._OrderedDictKeysView'>
------|------|------|------|MutableSet      :: <class 'collections.abc.MutableSet'>
------|------|------|ValuesView      :: <class 'collections.abc.ValuesView'>
------|------|------|------|_OrderedDictValuesView      :: <class 'collections._OrderedDictValuesView'>
------|------|MappingView      :: <class 'collections.abc.MappingView'>
------|------|------|ItemsView      :: <class 'collections.abc.ItemsView'>
------|------|------|------|_OrderedDictItemsView      :: <class 'collections._OrderedDictItemsView'>
------|------|------|KeysView      :: <class 'collections.abc.KeysView'>
------|------|------|------|_OrderedDictKeysView      :: <class 'collections._OrderedDictKeysView'>
------|------|------|ValuesView      :: <class 'collections.abc.ValuesView'>
------|------|------|------|_OrderedDictValuesView      :: <class 'collections._OrderedDictValuesView'>
------|StreamReaderWriter      :: <class 'codecs.StreamReaderWriter'>
------|StreamRecoder      :: <class 'codecs.StreamRecoder'>
------|Token      :: <class '_contextvars.Token'>
------|UnionType      :: <class 'types.UnionType'>
------|WarningMessage      :: <class 'warnings.WarningMessage'>
------|WindowsRegistryFinder      :: <class '_frozen_importlib_external.WindowsRegistryFinder'>
------|_BaseExitStack      :: <class 'contextlib._BaseExitStack'>
------|------|AsyncExitStack      :: <class 'contextlib.AsyncExitStack'>
------|------|ExitStack      :: <class 'contextlib.ExitStack'>
------|_BytesIOBuffer      :: <class '_io._BytesIOBuffer'>
------|_DummyModuleLock      :: <class '_frozen_importlib._DummyModuleLock'>
------|_GeneratorContextManagerBase      :: <class 'contextlib._GeneratorContextManagerBase'>
------|------|_AsyncGeneratorContextManager      :: <class 'contextlib._AsyncGeneratorContextManager'>
------|------|_GeneratorContextManager      :: <class 'contextlib._GeneratorContextManager'>
------|_GeneratorWrapper      :: <class 'types._GeneratorWrapper'>
------|_Helper      :: <class '_sitebuiltins._Helper'>
------|_IOBase      :: <class '_io._IOBase'>
------|------|IOBase      :: <class 'io.IOBase'>
------|------|------|BufferedIOBase      :: <class 'io.BufferedIOBase'>
------|------|------|RawIOBase      :: <class 'io.RawIOBase'>
------|------|------|TextIOBase      :: <class 'io.TextIOBase'>
------|------|_BufferedIOBase      :: <class '_io._BufferedIOBase'>
------|------|------|BufferedIOBase      :: <class 'io.BufferedIOBase'>
------|------|------|BufferedRWPair      :: <class '_io.BufferedRWPair'>
------|------|------|BufferedRandom      :: <class '_io.BufferedRandom'>
------|------|------|BufferedReader      :: <class '_io.BufferedReader'>
------|------|------|BufferedWriter      :: <class '_io.BufferedWriter'>
------|------|------|BytesIO      :: <class '_io.BytesIO'>
------|------|_RawIOBase      :: <class '_io._RawIOBase'>
------|------|------|FileIO      :: <class '_io.FileIO'>
------|------|------|RawIOBase      :: <class 'io.RawIOBase'>
------|------|_TextIOBase      :: <class '_io._TextIOBase'>
------|------|------|StringIO      :: <class '_io.StringIO'>
------|------|------|TextIOBase      :: <class 'io.TextIOBase'>
------|------|------|TextIOWrapper      :: <class '_io.TextIOWrapper'>
------|_ImportLockContext      :: <class '_frozen_importlib._ImportLockContext'>
------|_Link      :: <class 'collections._Link'>
------|_LoaderBasics      :: <class '_frozen_importlib_external._LoaderBasics'>
------|------|ExtensionFileLoader      :: <class '_frozen_importlib_external.ExtensionFileLoader'>
------|------|SourceLoader      :: <class '_frozen_importlib_external.SourceLoader'>
------|------|------|SourceFileLoader      :: <class '_frozen_importlib_external.SourceFileLoader'>
------|------|SourcelessFileLoader      :: <class '_frozen_importlib_external.SourcelessFileLoader'>
------|------|zipimporter      :: <class 'zipimport.zipimporter'>
------|_ModuleLock      :: <class '_frozen_importlib._ModuleLock'>
------|_ModuleLockManager      :: <class '_frozen_importlib._ModuleLockManager'>
------|_NamespaceLoader      :: <class '_frozen_importlib_external._NamespaceLoader'>
------|_NamespacePath      :: <class '_frozen_importlib_external._NamespacePath'>
------|_Printer      :: <class '_sitebuiltins._Printer'>
------|_TrivialRe      :: <class '_distutils_hack._TrivialRe'>
------|_abc_data      :: <class '_abc._abc_data'>
------|_deque_iterator      :: <class '_collections._deque_iterator'>
------|_deque_reverse_iterator      :: <class '_collections._deque_reverse_iterator'>
------|_grouper      :: <class 'itertools._grouper'>
------|_local      :: <class '_thread._local'>
------|_localdummy      :: <class '_thread._localdummy'>
------|_lru_cache_wrapper      :: <class 'functools._lru_cache_wrapper'>
------|_lru_list_elem      :: <class 'functools._lru_list_elem'>
------|_tee      :: <class 'itertools._tee'>
------|_tee_dataobject      :: <class 'itertools._tee_dataobject'>
------|_tuplegetter      :: <class '_collections._tuplegetter'>
------|_wrap_close      :: <class 'os._wrap_close'>
------|accumulate      :: <class 'itertools.accumulate'>
------|anext_awaitable      :: <class 'anext_awaitable'>
------|async_generator      :: <class 'async_generator'>
------|async_generator_asend      :: <class 'async_generator_asend'>
------|async_generator_athrow      :: <class 'async_generator_athrow'>
------|async_generator_wrapped_value      :: <class 'async_generator_wrapped_value'>
------|attrgetter      :: <class 'operator.attrgetter'>
------|attrgetter      :: <class 'operator.attrgetter'>
------|builtin_function_or_method      :: <class 'builtin_function_or_method'>
------|------|builtin_method      :: <class 'builtin_method'>
------|bytearray      :: <class 'bytearray'>
------|bytearray_iterator      :: <class 'bytearray_iterator'>
------|bytes      :: <class 'bytes'>
------|bytes_iterator      :: <class 'bytes_iterator'>
------|cached_property      :: <class 'functools.cached_property'>
------|callable_iterator      :: <class 'callable_iterator'>
------|catch_warnings      :: <class 'warnings.catch_warnings'>
------|cell      :: <class 'cell'>
------|chain      :: <class 'itertools.chain'>
------|classmethod      :: <class 'classmethod'>
------|------|abstractclassmethod      :: <class 'abc.abstractclassmethod'>
------|classmethod_descriptor      :: <class 'classmethod_descriptor'>
------|code      :: <class 'code'>
------|combinations      :: <class 'itertools.combinations'>
------|combinations_with_replacement      :: <class 'itertools.combinations_with_replacement'>
------|complex      :: <class 'complex'>
------|compress      :: <class 'itertools.compress'>
------|coroutine      :: <class 'coroutine'>
------|coroutine_wrapper      :: <class 'coroutine_wrapper'>
------|count      :: <class 'itertools.count'>
------|cycle      :: <class 'itertools.cycle'>
------|deque      :: <class 'collections.deque'>
------|dict      :: <class 'dict'>
------|------|Counter      :: <class 'collections.Counter'>
------|------|OrderedDict      :: <class 'collections.OrderedDict'>
------|------|defaultdict      :: <class 'collections.defaultdict'>
------|dict_itemiterator      :: <class 'dict_itemiterator'>
------|dict_items      :: <class 'dict_items'>
------|------|odict_items      :: <class 'odict_items'>
------|dict_keyiterator      :: <class 'dict_keyiterator'>
------|dict_keys      :: <class 'dict_keys'>
------|------|odict_keys      :: <class 'odict_keys'>
------|dict_reverseitemiterator      :: <class 'dict_reverseitemiterator'>
------|dict_reversekeyiterator      :: <class 'dict_reversekeyiterator'>
------|dict_reversevalueiterator      :: <class 'dict_reversevalueiterator'>
------|dict_valueiterator      :: <class 'dict_valueiterator'>
------|dict_values      :: <class 'dict_values'>
------|------|odict_values      :: <class 'odict_values'>
------|dropwhile      :: <class 'itertools.dropwhile'>
------|ellipsis      :: <class 'ellipsis'>
------|enumerate      :: <class 'enumerate'>
------|fieldnameiterator      :: <class 'fieldnameiterator'>
------|filter      :: <class 'filter'>
------|filterfalse      :: <class 'itertools.filterfalse'>
------|float      :: <class 'float'>
------|formatteriterator      :: <class 'formatteriterator'>
------|frame      :: <class 'frame'>
------|frozenset      :: <class 'frozenset'>
------|function      :: <class 'function'>
------|generator      :: <class 'generator'>
------|getset_descriptor      :: <class 'getset_descriptor'>
------|groupby      :: <class 'itertools.groupby'>
------|hamt      :: <class 'hamt'>
------|hamt_array_node      :: <class 'hamt_array_node'>
------|hamt_bitmap_node      :: <class 'hamt_bitmap_node'>
------|hamt_collision_node      :: <class 'hamt_collision_node'>
------|instancemethod      :: <class 'instancemethod'>
------|int      :: <class 'int'>
------|------|bool      :: <class 'bool'>
------|islice      :: <class 'itertools.islice'>
------|itemgetter      :: <class 'operator.itemgetter'>
------|itemgetter      :: <class 'operator.itemgetter'>
------|items      :: <class 'items'>
------|iterator      :: <class 'iterator'>
------|keys      :: <class 'keys'>
------|list      :: <class 'list'>
------|------|_HashedSeq      :: <class 'functools._HashedSeq'>
------|list_iterator      :: <class 'list_iterator'>
------|list_reverseiterator      :: <class 'list_reverseiterator'>
------|lock      :: <class '_thread.lock'>
------|longrange_iterator      :: <class 'longrange_iterator'>
------|managedbuffer      :: <class 'managedbuffer'>
------|map      :: <class 'map'>
------|mappingproxy      :: <class 'mappingproxy'>
------|member_descriptor      :: <class 'member_descriptor'>
------|memoryview      :: <class 'memoryview'>
------|method      :: <class 'method'>
------|method-wrapper      :: <class 'method-wrapper'>
------|method_descriptor      :: <class 'method_descriptor'>
------|methodcaller      :: <class 'operator.methodcaller'>
------|module      :: <class 'module'>
------|------|_LazyModule      :: <class 'importlib.util._LazyModule'>
------|moduledef      :: <class 'moduledef'>
------|odict_iterator      :: <class 'odict_iterator'>
------|pairwise      :: <class 'itertools.pairwise'>
------|partial      :: <class 'functools.partial'>
------|partial      :: <class 'functools.partial'>
------|partialmethod      :: <class 'functools.partialmethod'>
------|permutations      :: <class 'itertools.permutations'>
------|product      :: <class 'itertools.product'>
------|property      :: <class 'property'>
------|------|abstractproperty      :: <class 'abc.abstractproperty'>
------|range      :: <class 'range'>
------|range_iterator      :: <class 'range_iterator'>
------|repeat      :: <class 'itertools.repeat'>
------|reversed      :: <class 'reversed'>
------|set      :: <class 'set'>
------|set_iterator      :: <class 'set_iterator'>
------|shim      :: <class '_distutils_hack.shim'>
------|singledispatchmethod      :: <class 'functools.singledispatchmethod'>
------|slice      :: <class 'slice'>
------|starmap      :: <class 'itertools.starmap'>
------|staticmethod      :: <class 'staticmethod'>
------|------|abstractstaticmethod      :: <class 'abc.abstractstaticmethod'>
------|stderrprinter      :: <class 'stderrprinter'>
------|str      :: <class 'str'>
------|str_iterator      :: <class 'str_iterator'>
------|super      :: <class 'super'>
------|symtable entry      :: <class 'symtable entry'>
------|takewhile      :: <class 'itertools.takewhile'>
------|traceback      :: <class 'traceback'>
------|tuple      :: <class 'tuple'>
------|------|CacheInfo      :: <class 'functools.CacheInfo'>
------|------|CodecInfo      :: <class 'codecs.CodecInfo'>
------|------|UnraisableHookArgs      :: <class 'UnraisableHookArgs'>
------|------|_ExceptHookArgs      :: <class '_thread._ExceptHookArgs'>
------|------|asyncgen_hooks      :: <class 'asyncgen_hooks'>
------|------|flags      :: <class 'sys.flags'>
------|------|float_info      :: <class 'sys.float_info'>
------|------|hash_info      :: <class 'sys.hash_info'>
------|------|int_info      :: <class 'sys.int_info'>
------|------|sched_param      :: <class 'posix.sched_param'>
------|------|stat_result      :: <class 'os.stat_result'>
------|------|statvfs_result      :: <class 'os.statvfs_result'>
------|------|struct_siginfo      :: <class 'signal.struct_siginfo'>
------|------|struct_time      :: <class 'time.struct_time'>
------|------|terminal_size      :: <class 'os.terminal_size'>
------|------|thread_info      :: <class 'sys.thread_info'>
------|------|times_result      :: <class 'posix.times_result'>
------|------|uname_result      :: <class 'posix.uname_result'>
------|------|version_info      :: <class 'sys.version_info'>
------|------|waitid_result      :: <class 'posix.waitid_result'>
------|tuple_iterator      :: <class 'tuple_iterator'>
------|type      :: <class 'type'>
------|values      :: <class 'values'>
------|wrapper_descriptor      :: <class 'wrapper_descriptor'>
------|zip      :: <class 'zip'>
------|zip_longest      :: <class 'itertools.zip_longest'>
