['__init__.py', 'base.py', 'certificate_transparency.py', 'd11', 'extensions.py', 'general_name.py', 'name.py', 'ocsp.py', 'oid.py', 't11', 'verification.py']
['cryptography.x509.__init__', 'cryptography.x509.base', 'cryptography.x509.certificate_transparency', 'cryptography.x509.extensions', 'cryptography.x509.general_name', 'cryptography.x509.name', 'cryptography.x509.ocsp', 'cryptography.x509.oid', 'cryptography.x509.verification']

------------ module-classes-tree cryptography.x509.__init__ : ----------------
|AccessDescription
|Attribute
|AttributeNotFound
|Attributes
|AuthorityInformationAccess
|AuthorityInformationAccessOID
|AuthorityKeyIdentifier
|BasicConstraints
|CRLDistributionPoints
|CRLEntryExtensionOID
|CRLNumber
|CRLReason
|Certificate
|CertificateBuilder
|CertificateIssuer
|CertificatePolicies
|CertificatePoliciesOID
|CertificateRevocationList
|CertificateRevocationListBuilder
|CertificateSigningRequest
|CertificateSigningRequestBuilder
|DNSName
|DeltaCRLIndicator
|DirectoryName
|DistributionPoint
|DuplicateExtension
|ExtendedKeyUsage
|ExtendedKeyUsageOID
|Extension
|ExtensionNotFound
|ExtensionOID
|ExtensionType
|------|AuthorityInformationAccess
|------|AuthorityKeyIdentifier
|------|BasicConstraints
|------|CRLDistributionPoints
|------|CRLNumber
|------|CRLReason
|------|CertificateIssuer
|------|CertificatePolicies
|------|DeltaCRLIndicator
|------|ExtendedKeyUsage
|------|FreshestCRL
|------|InhibitAnyPolicy
|------|InvalidityDate
|------|IssuerAlternativeName
|------|IssuingDistributionPoint
|------|KeyUsage
|------|MSCertificateTemplate
|------|NameConstraints
|------|OCSPAcceptableResponses
|------|OCSPNoCheck
|------|OCSPNonce
|------|PolicyConstraints
|------|PrecertPoison
|------|PrecertificateSignedCertificateTimestamps
|------|SignedCertificateTimestamps
|------|SubjectAlternativeName
|------|SubjectInformationAccess
|------|SubjectKeyIdentifier
|------|TLSFeature
|------|UnrecognizedExtension
|Extensions
|FreshestCRL
|GeneralName
|------|DNSName
|------|DirectoryName
|------|IPAddress
|------|OtherName
|------|RFC822Name
|------|RegisteredID
|------|UniformResourceIdentifier
|GeneralNames
|IPAddress
|InhibitAnyPolicy
|InvalidVersion
|InvalidityDate
|IssuerAlternativeName
|IssuingDistributionPoint
|KeyUsage
|MSCertificateTemplate
|Name
|NameAttribute
|NameConstraints
|NameOID
|NoticeReference
|OCSPAcceptableResponses
|OCSPNoCheck
|OCSPNonce
|ObjectIdentifier
|OtherName
|PolicyConstraints
|PolicyInformation
|PrecertPoison
|PrecertificateSignedCertificateTimestamps
|RFC822Name
|ReasonFlags
|RegisteredID
|RelativeDistinguishedName
|RevokedCertificate
|------|_RawRevokedCertificate
|RevokedCertificateBuilder
|SignatureAlgorithmOID
|SignedCertificateTimestamps
|SubjectAlternativeName
|SubjectInformationAccess
|SubjectKeyIdentifier
|TLSFeature
|TLSFeatureType
|UniformResourceIdentifier
|UnrecognizedExtension
|UnsupportedGeneralNameType
|UserNotice
|Version
----------------------------------------------------------------------------- 


------------ module-classes-tree cryptography.x509.base : ----------------
|Attribute
|AttributeNotFound
|Attributes
|Certificate
|CertificateBuilder
|CertificateRevocationList
|CertificateRevocationListBuilder
|CertificateSigningRequest
|CertificateSigningRequestBuilder
|Extension
|ExtensionType
|------|AuthorityInformationAccess
|------|AuthorityKeyIdentifier
|------|BasicConstraints
|------|CRLDistributionPoints
|------|CRLNumber
|------|CRLReason
|------|CertificateIssuer
|------|CertificatePolicies
|------|DeltaCRLIndicator
|------|ExtendedKeyUsage
|------|FreshestCRL
|------|InhibitAnyPolicy
|------|InvalidityDate
|------|IssuerAlternativeName
|------|IssuingDistributionPoint
|------|KeyUsage
|------|MSCertificateTemplate
|------|NameConstraints
|------|OCSPAcceptableResponses
|------|OCSPNoCheck
|------|OCSPNonce
|------|PolicyConstraints
|------|PrecertPoison
|------|PrecertificateSignedCertificateTimestamps
|------|SignedCertificateTimestamps
|------|SubjectAlternativeName
|------|SubjectInformationAccess
|------|SubjectKeyIdentifier
|------|TLSFeature
|------|UnrecognizedExtension
|Extensions
|InvalidVersion
|Name
|ObjectIdentifier
|RevokedCertificate
|------|_RawRevokedCertificate
|RevokedCertificateBuilder
|Version
|_ASN1Type
|_RawRevokedCertificate
----------------------------------------------------------------------------- 


------------ module-classes-tree cryptography.x509.certificate_transparency : ----------------
|HashAlgorithm
|------|BLAKE2b
|------|BLAKE2s
|------|MD5
|------|SHA1
|------|SHA224
|------|SHA256
|------|SHA384
|------|SHA3_224
|------|SHA3_256
|------|SHA3_384
|------|SHA3_512
|------|SHA512
|------|SHA512_224
|------|SHA512_256
|------|SHAKE128
|------|SHAKE256
|------|SM3
|LogEntryType
|SignatureAlgorithm
|SignedCertificateTimestamp
|Version
----------------------------------------------------------------------------- 


------------ module-classes-tree cryptography.x509.extensions : ----------------
|AccessDescription
|AuthorityInformationAccess
|AuthorityKeyIdentifier
|BasicConstraints
|CRLDistributionPoints
|CRLEntryExtensionOID
|CRLNumber
|CRLReason
|CertificateIssuer
|CertificatePolicies
|DNSName
|DeltaCRLIndicator
|DirectoryName
|DistributionPoint
|DuplicateExtension
|EllipticCurvePublicKey
|ExtendedKeyUsage
|Extension
|ExtensionNotFound
|ExtensionOID
|ExtensionType
|------|AuthorityInformationAccess
|------|AuthorityKeyIdentifier
|------|BasicConstraints
|------|CRLDistributionPoints
|------|CRLNumber
|------|CRLReason
|------|CertificateIssuer
|------|CertificatePolicies
|------|DeltaCRLIndicator
|------|ExtendedKeyUsage
|------|FreshestCRL
|------|InhibitAnyPolicy
|------|InvalidityDate
|------|IssuerAlternativeName
|------|IssuingDistributionPoint
|------|KeyUsage
|------|MSCertificateTemplate
|------|NameConstraints
|------|OCSPAcceptableResponses
|------|OCSPNoCheck
|------|OCSPNonce
|------|PolicyConstraints
|------|PrecertPoison
|------|PrecertificateSignedCertificateTimestamps
|------|SignedCertificateTimestamps
|------|SubjectAlternativeName
|------|SubjectInformationAccess
|------|SubjectKeyIdentifier
|------|TLSFeature
|------|UnrecognizedExtension
|Extensions
|FreshestCRL
|GeneralName
|------|DNSName
|------|DirectoryName
|------|IPAddress
|------|OtherName
|------|RFC822Name
|------|RegisteredID
|------|UniformResourceIdentifier
|GeneralNames
|IPAddress
|InhibitAnyPolicy
|InvalidityDate
|IssuerAlternativeName
|IssuingDistributionPoint
|KeyUsage
|MSCertificateTemplate
|Name
|NameConstraints
|NoticeReference
|OCSPAcceptableResponses
|OCSPExtensionOID
|OCSPNoCheck
|OCSPNonce
|ObjectIdentifier
|OtherName
|PolicyConstraints
|PolicyInformation
|PrecertPoison
|PrecertificateSignedCertificateTimestamps
|RFC822Name
|RSAPublicKey
|ReasonFlags
|RegisteredID
|RelativeDistinguishedName
|SignedCertificateTimestamp
|SignedCertificateTimestamps
|SubjectAlternativeName
|SubjectInformationAccess
|SubjectKeyIdentifier
|TLSFeature
|TLSFeatureType
|UniformResourceIdentifier
|UnrecognizedExtension
|UserNotice
----------------------------------------------------------------------------- 


------------ module-classes-tree cryptography.x509.general_name : ----------------
|DNSName
|DirectoryName
|GeneralName
|------|DNSName
|------|DirectoryName
|------|IPAddress
|------|OtherName
|------|RFC822Name
|------|RegisteredID
|------|UniformResourceIdentifier
|IPAddress
|Name
|ObjectIdentifier
|OtherName
|RFC822Name
|RegisteredID
|UniformResourceIdentifier
|UnsupportedGeneralNameType
----------------------------------------------------------------------------- 


------------ module-classes-tree cryptography.x509.name : ----------------
|Name
|NameAttribute
|NameOID
|ObjectIdentifier
|RelativeDistinguishedName
|_ASN1Type
|_RFC4514NameParser
----------------------------------------------------------------------------- 


------------ module-classes-tree cryptography.x509.ocsp : ----------------
|OCSPCertStatus
|OCSPRequest
|OCSPRequestBuilder
|OCSPResponderEncoding
|OCSPResponse
|OCSPResponseBuilder
|OCSPResponseStatus
|OCSPSingleResponse
|_SingleResponse
----------------------------------------------------------------------------- 


------------ module-classes-tree cryptography.x509.oid : ----------------
|AttributeOID
|AuthorityInformationAccessOID
|CRLEntryExtensionOID
|CertificatePoliciesOID
|ExtendedKeyUsageOID
|ExtensionOID
|NameOID
|OCSPExtensionOID
|ObjectIdentifier
|SignatureAlgorithmOID
|SubjectInformationAccessOID
----------------------------------------------------------------------------- 


------------ module-classes-tree cryptography.x509.verification : ----------------
|DNSName
|IPAddress
|PolicyBuilder
|ServerVerifier
|Store
|VerificationError
----------------------------------------------------------------------------- 

