['__init__.py', 'dh.py', 'dsa.py', 'ec.py', 'ed25519.py', 'ed448.py', 'padding.py', 'rsa.py', 'types.py', 'utils.py', 'x25519.py', 'x448.py']
['cryptography.hazmat.primitives.asymmetric.__init__', 'cryptography.hazmat.primitives.asymmetric.dh', 'cryptography.hazmat.primitives.asymmetric.dsa', 'cryptography.hazmat.primitives.asymmetric.ec', 'cryptography.hazmat.primitives.asymmetric.ed25519', 'cryptography.hazmat.primitives.asymmetric.ed448', 'cryptography.hazmat.primitives.asymmetric.padding', 'cryptography.hazmat.primitives.asymmetric.rsa', 'cryptography.hazmat.primitives.asymmetric.types', 'cryptography.hazmat.primitives.asymmetric.utils', 'cryptography.hazmat.primitives.asymmetric.x25519', 'cryptography.hazmat.primitives.asymmetric.x448']

------------ module-classes-tree cryptography.hazmat.primitives.asymmetric.__init__ : ----------------
----------------------------------------------------------------------------- 


------------ module-classes-tree cryptography.hazmat.primitives.asymmetric.dh : ----------------
|DHParameterNumbers
|DHParameters
|DHParameters
|DHPrivateKey
|DHPrivateKey
|DHPrivateNumbers
|DHPublicKey
|DHPublicKey
|DHPublicNumbers
----------------------------------------------------------------------------- 


------------ module-classes-tree cryptography.hazmat.primitives.asymmetric.dsa : ----------------
|DSAParameterNumbers
|DSAParameters
|DSAParameters
|DSAPrivateKey
|DSAPrivateKey
|DSAPrivateNumbers
|DSAPublicKey
|DSAPublicKey
|DSAPublicNumbers
----------------------------------------------------------------------------- 


------------ module-classes-tree cryptography.hazmat.primitives.asymmetric.ec : ----------------
|BrainpoolP256R1
|BrainpoolP384R1
|BrainpoolP512R1
|ECDH
|ECDSA
|EllipticCurve
|------|BrainpoolP256R1
|------|BrainpoolP384R1
|------|BrainpoolP512R1
|------|SECP192R1
|------|SECP224R1
|------|SECP256K1
|------|SECP256R1
|------|SECP384R1
|------|SECP521R1
|------|SECT163K1
|------|SECT163R2
|------|SECT233K1
|------|SECT233R1
|------|SECT283K1
|------|SECT283R1
|------|SECT409K1
|------|SECT409R1
|------|SECT571K1
|------|SECT571R1
|EllipticCurveOID
|EllipticCurvePrivateKey
|EllipticCurvePrivateKey
|EllipticCurvePrivateNumbers
|EllipticCurvePublicKey
|EllipticCurvePublicKey
|EllipticCurvePublicNumbers
|EllipticCurveSignatureAlgorithm
|------|ECDSA
|ObjectIdentifier
|SECP192R1
|SECP224R1
|SECP256K1
|SECP256R1
|SECP384R1
|SECP521R1
|SECT163K1
|SECT163R2
|SECT233K1
|SECT233R1
|SECT283K1
|SECT283R1
|SECT409K1
|SECT409R1
|SECT571K1
|SECT571R1
----------------------------------------------------------------------------- 


------------ module-classes-tree cryptography.hazmat.primitives.asymmetric.ed25519 : ----------------
|Ed25519PrivateKey
|Ed25519PublicKey
|UnsupportedAlgorithm
|_Reasons
----------------------------------------------------------------------------- 


------------ module-classes-tree cryptography.hazmat.primitives.asymmetric.ed448 : ----------------
|Ed448PrivateKey
|Ed448PublicKey
|UnsupportedAlgorithm
|_Reasons
----------------------------------------------------------------------------- 


------------ module-classes-tree cryptography.hazmat.primitives.asymmetric.padding : ----------------
|AsymmetricPadding
|------|OAEP
|------|PKCS1v15
|------|PSS
|MGF
|------|MGF1
|MGF1
|OAEP
|PKCS1v15
|PSS
|_Auto
|_DigestLength
|_MaxLength
----------------------------------------------------------------------------- 


------------ module-classes-tree cryptography.hazmat.primitives.asymmetric.rsa : ----------------
|AsymmetricPadding
|------|OAEP
|------|PKCS1v15
|------|PSS
|RSAPrivateKey
|RSAPrivateKey
|RSAPrivateNumbers
|RSAPublicKey
|RSAPublicKey
|RSAPublicNumbers
----------------------------------------------------------------------------- 


------------ module-classes-tree cryptography.hazmat.primitives.asymmetric.types : ----------------
----------------------------------------------------------------------------- 


------------ module-classes-tree cryptography.hazmat.primitives.asymmetric.utils : ----------------
|Prehashed
----------------------------------------------------------------------------- 


------------ module-classes-tree cryptography.hazmat.primitives.asymmetric.x25519 : ----------------
|UnsupportedAlgorithm
|X25519PrivateKey
|X25519PublicKey
|_Reasons
----------------------------------------------------------------------------- 


------------ module-classes-tree cryptography.hazmat.primitives.asymmetric.x448 : ----------------
|UnsupportedAlgorithm
|X448PrivateKey
|X448PublicKey
|_Reasons
----------------------------------------------------------------------------- 

##--- &2 :
C:\Progs2\Py3\Lib\inspect.py:573: CryptographyDeprecationWarning: Use CertificateIssuerPublicKeyTypes instead
  value = getter(object, key)
C:\Progs2\Py3\Lib\inspect.py:573: CryptographyDeprecationWarning: Use CertificateIssuerPrivateKeyTypes instead
  value = getter(object, key)
C:\Progs2\Py3\Lib\inspect.py:573: CryptographyDeprecationWarning: Use CertificatePublicKeyTypes instead
  value = getter(object, key)
C:\Progs2\Py3\Lib\inspect.py:573: CryptographyDeprecationWarning: Use PrivateKeyTypes instead
  value = getter(object, key)
C:\Progs2\Py3\Lib\inspect.py:573: CryptographyDeprecationWarning: Use PublicKeyTypes instead
  value = getter(object, key)
