base
bash
bash-completion
bc
brotli
bsdtar
bzip2
ca-certificates
colordiff
coreutils
curl
cyrus-sasl
dash
db
diffutils
dos2unix
expat
file
filesystem
findutils
gawk
gcc-libs
gdbm
getent
gettext
gmp
gnupg
grep
groff
gzip
heimdal
heimdal-libs
inetutils
info
less
lftp
libargp
libasprintf
libassuan
libbz2
libcbor
libcurl
libdb
libedit
libevent
libexpat
libffi
libfido2
libgc
libgcrypt
libgdbm
libgettextpo
libgnutls
libgpg-error
libgpgme
libhogweed
libiconv
libidn
libidn2
libintl
libksba
liblz4
liblzma
libnettle
libnghttp2
libnghttp3
libngtcp2
libnpth
libopenssl
libp11-kit
libpcre
libpcre2_8
libpipeline
libpsl
libreadline
libsasl
libsqlite
libssh2
libtasn1
libunistring
libutil-linux
libxcrypt
libxxhash
libzstd
lynx
make
man-db
mingw-w64-ucrt-x86_64-7zip
mingw-w64-ucrt-x86_64-SDL2
mingw-w64-ucrt-x86_64-aom
mingw-w64-ucrt-x86_64-binutils
mingw-w64-ucrt-x86_64-brotli
mingw-w64-ucrt-x86_64-bzip2
mingw-w64-ucrt-x86_64-cmark
mingw-w64-ucrt-x86_64-crypto++
mingw-w64-ucrt-x86_64-dav1d
mingw-w64-ucrt-x86_64-diffutils
mingw-w64-ucrt-x86_64-djvulibre
mingw-w64-ucrt-x86_64-expat
mingw-w64-ucrt-x86_64-fftw
mingw-w64-ucrt-x86_64-flif
mingw-w64-ucrt-x86_64-fontconfig
mingw-w64-ucrt-x86_64-freeglut
mingw-w64-ucrt-x86_64-freetype
mingw-w64-ucrt-x86_64-fribidi
mingw-w64-ucrt-x86_64-gcc-libs
mingw-w64-ucrt-x86_64-gdk-pixbuf2
mingw-w64-ucrt-x86_64-gettext-libtextstyle
mingw-w64-ucrt-x86_64-gettext-runtime
mingw-w64-ucrt-x86_64-gettext-tools
mingw-w64-ucrt-x86_64-giflib
mingw-w64-ucrt-x86_64-github-cli
mingw-w64-ucrt-x86_64-glib2
mingw-w64-ucrt-x86_64-graphicsmagick
mingw-w64-ucrt-x86_64-graphite2
mingw-w64-ucrt-x86_64-gsfonts
mingw-w64-ucrt-x86_64-harfbuzz
mingw-w64-ucrt-x86_64-imagemagick
mingw-w64-ucrt-x86_64-imagemagick-docs
mingw-w64-ucrt-x86_64-jasper
mingw-w64-ucrt-x86_64-jbigkit
mingw-w64-ucrt-x86_64-jo
mingw-w64-ucrt-x86_64-jq
mingw-w64-ucrt-x86_64-kvazaar
mingw-w64-ucrt-x86_64-lcms2
mingw-w64-ucrt-x86_64-lerc
mingw-w64-ucrt-x86_64-libde265
mingw-w64-ucrt-x86_64-libdeflate
mingw-w64-ucrt-x86_64-libffi
mingw-w64-ucrt-x86_64-libheif
mingw-w64-ucrt-x86_64-libiconv
mingw-w64-ucrt-x86_64-libjpeg-turbo
mingw-w64-ucrt-x86_64-liblqr
mingw-w64-ucrt-x86_64-libltdl
mingw-w64-ucrt-x86_64-libpng
mingw-w64-ucrt-x86_64-libraqm
mingw-w64-ucrt-x86_64-libraw
mingw-w64-ucrt-x86_64-libsigsegv
mingw-w64-ucrt-x86_64-libsystre
mingw-w64-ucrt-x86_64-libtiff
mingw-w64-ucrt-x86_64-libtre
mingw-w64-ucrt-x86_64-libwebp
mingw-w64-ucrt-x86_64-libwinpthread
mingw-w64-ucrt-x86_64-libwmf
mingw-w64-ucrt-x86_64-libxml2
mingw-w64-ucrt-x86_64-mpdecimal
mingw-w64-ucrt-x86_64-ncurses
mingw-w64-ucrt-x86_64-oniguruma
mingw-w64-ucrt-x86_64-openh264
mingw-w64-ucrt-x86_64-openjpeg2
mingw-w64-ucrt-x86_64-openjph
mingw-w64-ucrt-x86_64-openssl
mingw-w64-ucrt-x86_64-pcre2
mingw-w64-ucrt-x86_64-python
mingw-w64-ucrt-x86_64-python-jedi
mingw-w64-ucrt-x86_64-python-packaging
mingw-w64-ucrt-x86_64-python-parso
mingw-w64-ucrt-x86_64-rav1e
mingw-w64-ucrt-x86_64-readline
mingw-w64-ucrt-x86_64-sqlite3
mingw-w64-ucrt-x86_64-svt-av1
mingw-w64-ucrt-x86_64-tcl
mingw-w64-ucrt-x86_64-termcap
mingw-w64-ucrt-x86_64-tk
mingw-w64-ucrt-x86_64-ttf-dejavu
mingw-w64-ucrt-x86_64-tzdata
mingw-w64-ucrt-x86_64-vulkan-loader
mingw-w64-ucrt-x86_64-wineditline
mingw-w64-ucrt-x86_64-x265
mingw-w64-ucrt-x86_64-xz
mingw-w64-ucrt-x86_64-zlib
mingw-w64-ucrt-x86_64-zstd
mintty
mosh
mpdecimal
mpfr
msys2-keyring
msys2-launcher
msys2-runtime
mutt
nano
ncurses
nettle
openssh
openssl
p11-kit
pacman
pacman-contrib
pacman-mirrors
perl
pinentry
procps-ng
protobuf
psmisc
python
rebase
rsync
sed
sharutils
sshpass
tar
texinfo
time
tmux
tree
tzcode
util-linux
vim
vimpager
w3m
wcd
wget
which
winpty
xz
zlib
zstd
